This is pdfTeX, Version 3.14159265-2.6-1.40.17 (MiKTeX 2.9 64-bit) (preloaded format=pdflatex 2016.10.24)  6 APR 2017 17:22
entering extended mode
**./Skript_Überarbeitung.tex
(Skript_Überarbeitung.tex
LaTeX2e <2016/03/31> patch level 3
Babel <3.9r> and hyphenation patterns for 75 language(s) loaded.
("C:\Program Files\MiKTeX2.9\tex\latex\base\article.cls"
Document Class: article 2014/09/29 v1.4h Standard LaTeX document class
("C:\Program Files\MiKTeX2.9\tex\latex\base\size12.clo"
File: size12.clo 2014/09/29 v1.4h Standard LaTeX file (size option)
)
\c@part=\count79
\c@section=\count80
\c@subsection=\count81
\c@subsubsection=\count82
\c@paragraph=\count83
\c@subparagraph=\count84
\c@figure=\count85
\c@table=\count86
\abovecaptionskip=\skip41
\belowcaptionskip=\skip42
\bibindent=\dimen102
)
("C:\Program Files\MiKTeX2.9\tex\generic\german\german.sty" v2.5e 1998-07-08
Package: german 1998/07/08 v2.5e Support for writing german texts (br)
\grmnU@D=\dimen103
german -- \language number for Austrian undefined, default 24 used.
)
("C:\Program Files\MiKTeX2.9\tex\latex\base\inputenc.sty"
Package: inputenc 2015/03/17 v1.2c Input encoding file
\inpenc@prehook=\toks14
\inpenc@posthook=\toks15

("C:\Program Files\MiKTeX2.9\tex\latex\base\utf8.def"
File: utf8.def 2016/02/28 v1.1s UTF-8 support for inputenc
Now handling font encoding OML ...
... no UTF-8 mapping file for font encoding OML
Now handling font encoding T1 ...
... processing UTF-8 mapping file for font encoding T1

("C:\Program Files\MiKTeX2.9\tex\latex\base\t1enc.dfu"
File: t1enc.dfu 2016/02/28 v1.1s UTF-8 support for inputenc
   defining Unicode char U+00A0 (decimal 160)
   defining Unicode char U+00A1 (decimal 161)
   defining Unicode char U+00A3 (decimal 163)
   defining Unicode char U+00AB (decimal 171)
   defining Unicode char U+00AD (decimal 173)
   defining Unicode char U+00BB (decimal 187)
   defining Unicode char U+00BF (decimal 191)
   defining Unicode char U+00C0 (decimal 192)
   defining Unicode char U+00C1 (decimal 193)
   defining Unicode char U+00C2 (decimal 194)
   defining Unicode char U+00C3 (decimal 195)
   defining Unicode char U+00C4 (decimal 196)
   defining Unicode char U+00C5 (decimal 197)
   defining Unicode char U+00C6 (decimal 198)
   defining Unicode char U+00C7 (decimal 199)
   defining Unicode char U+00C8 (decimal 200)
   defining Unicode char U+00C9 (decimal 201)
   defining Unicode char U+00CA (decimal 202)
   defining Unicode char U+00CB (decimal 203)
   defining Unicode char U+00CC (decimal 204)
   defining Unicode char U+00CD (decimal 205)
   defining Unicode char U+00CE (decimal 206)
   defining Unicode char U+00CF (decimal 207)
   defining Unicode char U+00D0 (decimal 208)
   defining Unicode char U+00D1 (decimal 209)
   defining Unicode char U+00D2 (decimal 210)
   defining Unicode char U+00D3 (decimal 211)
   defining Unicode char U+00D4 (decimal 212)
   defining Unicode char U+00D5 (decimal 213)
   defining Unicode char U+00D6 (decimal 214)
   defining Unicode char U+00D8 (decimal 216)
   defining Unicode char U+00D9 (decimal 217)
   defining Unicode char U+00DA (decimal 218)
   defining Unicode char U+00DB (decimal 219)
   defining Unicode char U+00DC (decimal 220)
   defining Unicode char U+00DD (decimal 221)
   defining Unicode char U+00DE (decimal 222)
   defining Unicode char U+00DF (decimal 223)
   defining Unicode char U+00E0 (decimal 224)
   defining Unicode char U+00E1 (decimal 225)
   defining Unicode char U+00E2 (decimal 226)
   defining Unicode char U+00E3 (decimal 227)
   defining Unicode char U+00E4 (decimal 228)
   defining Unicode char U+00E5 (decimal 229)
   defining Unicode char U+00E6 (decimal 230)
   defining Unicode char U+00E7 (decimal 231)
   defining Unicode char U+00E8 (decimal 232)
   defining Unicode char U+00E9 (decimal 233)
   defining Unicode char U+00EA (decimal 234)
   defining Unicode char U+00EB (decimal 235)
   defining Unicode char U+00EC (decimal 236)
   defining Unicode char U+00ED (decimal 237)
   defining Unicode char U+00EE (decimal 238)
   defining Unicode char U+00EF (decimal 239)
   defining Unicode char U+00F0 (decimal 240)
   defining Unicode char U+00F1 (decimal 241)
   defining Unicode char U+00F2 (decimal 242)
   defining Unicode char U+00F3 (decimal 243)
   defining Unicode char U+00F4 (decimal 244)
   defining Unicode char U+00F5 (decimal 245)
   defining Unicode char U+00F6 (decimal 246)
   defining Unicode char U+00F8 (decimal 248)
   defining Unicode char U+00F9 (decimal 249)
   defining Unicode char U+00FA (decimal 250)
   defining Unicode char U+00FB (decimal 251)
   defining Unicode char U+00FC (decimal 252)
   defining Unicode char U+00FD (decimal 253)
   defining Unicode char U+00FE (decimal 254)
   defining Unicode char U+00FF (decimal 255)
   defining Unicode char U+0100 (decimal 256)
   defining Unicode char U+0101 (decimal 257)
   defining Unicode char U+0102 (decimal 258)
   defining Unicode char U+0103 (decimal 259)
   defining Unicode char U+0104 (decimal 260)
   defining Unicode char U+0105 (decimal 261)
   defining Unicode char U+0106 (decimal 262)
   defining Unicode char U+0107 (decimal 263)
   defining Unicode char U+0108 (decimal 264)
   defining Unicode char U+0109 (decimal 265)
   defining Unicode char U+010A (decimal 266)
   defining Unicode char U+010B (decimal 267)
   defining Unicode char U+010C (decimal 268)
   defining Unicode char U+010D (decimal 269)
   defining Unicode char U+010E (decimal 270)
   defining Unicode char U+010F (decimal 271)
   defining Unicode char U+0110 (decimal 272)
   defining Unicode char U+0111 (decimal 273)
   defining Unicode char U+0112 (decimal 274)
   defining Unicode char U+0113 (decimal 275)
   defining Unicode char U+0114 (decimal 276)
   defining Unicode char U+0115 (decimal 277)
   defining Unicode char U+0116 (decimal 278)
   defining Unicode char U+0117 (decimal 279)
   defining Unicode char U+0118 (decimal 280)
   defining Unicode char U+0119 (decimal 281)
   defining Unicode char U+011A (decimal 282)
   defining Unicode char U+011B (decimal 283)
   defining Unicode char U+011C (decimal 284)
   defining Unicode char U+011D (decimal 285)
   defining Unicode char U+011E (decimal 286)
   defining Unicode char U+011F (decimal 287)
   defining Unicode char U+0120 (decimal 288)
   defining Unicode char U+0121 (decimal 289)
   defining Unicode char U+0122 (decimal 290)
   defining Unicode char U+0123 (decimal 291)
   defining Unicode char U+0124 (decimal 292)
   defining Unicode char U+0125 (decimal 293)
   defining Unicode char U+0128 (decimal 296)
   defining Unicode char U+0129 (decimal 297)
   defining Unicode char U+012A (decimal 298)
   defining Unicode char U+012B (decimal 299)
   defining Unicode char U+012C (decimal 300)
   defining Unicode char U+012D (decimal 301)
   defining Unicode char U+012E (decimal 302)
   defining Unicode char U+012F (decimal 303)
   defining Unicode char U+0130 (decimal 304)
   defining Unicode char U+0131 (decimal 305)
   defining Unicode char U+0132 (decimal 306)
   defining Unicode char U+0133 (decimal 307)
   defining Unicode char U+0134 (decimal 308)
   defining Unicode char U+0135 (decimal 309)
   defining Unicode char U+0136 (decimal 310)
   defining Unicode char U+0137 (decimal 311)
   defining Unicode char U+0139 (decimal 313)
   defining Unicode char U+013A (decimal 314)
   defining Unicode char U+013B (decimal 315)
   defining Unicode char U+013C (decimal 316)
   defining Unicode char U+013D (decimal 317)
   defining Unicode char U+013E (decimal 318)
   defining Unicode char U+0141 (decimal 321)
   defining Unicode char U+0142 (decimal 322)
   defining Unicode char U+0143 (decimal 323)
   defining Unicode char U+0144 (decimal 324)
   defining Unicode char U+0145 (decimal 325)
   defining Unicode char U+0146 (decimal 326)
   defining Unicode char U+0147 (decimal 327)
   defining Unicode char U+0148 (decimal 328)
   defining Unicode char U+014A (decimal 330)
   defining Unicode char U+014B (decimal 331)
   defining Unicode char U+014C (decimal 332)
   defining Unicode char U+014D (decimal 333)
   defining Unicode char U+014E (decimal 334)
   defining Unicode char U+014F (decimal 335)
   defining Unicode char U+0150 (decimal 336)
   defining Unicode char U+0151 (decimal 337)
   defining Unicode char U+0152 (decimal 338)
   defining Unicode char U+0153 (decimal 339)
   defining Unicode char U+0154 (decimal 340)
   defining Unicode char U+0155 (decimal 341)
   defining Unicode char U+0156 (decimal 342)
   defining Unicode char U+0157 (decimal 343)
   defining Unicode char U+0158 (decimal 344)
   defining Unicode char U+0159 (decimal 345)
   defining Unicode char U+015A (decimal 346)
   defining Unicode char U+015B (decimal 347)
   defining Unicode char U+015C (decimal 348)
   defining Unicode char U+015D (decimal 349)
   defining Unicode char U+015E (decimal 350)
   defining Unicode char U+015F (decimal 351)
   defining Unicode char U+0160 (decimal 352)
   defining Unicode char U+0161 (decimal 353)
   defining Unicode char U+0162 (decimal 354)
   defining Unicode char U+0163 (decimal 355)
   defining Unicode char U+0164 (decimal 356)
   defining Unicode char U+0165 (decimal 357)
   defining Unicode char U+0168 (decimal 360)
   defining Unicode char U+0169 (decimal 361)
   defining Unicode char U+016A (decimal 362)
   defining Unicode char U+016B (decimal 363)
   defining Unicode char U+016C (decimal 364)
   defining Unicode char U+016D (decimal 365)
   defining Unicode char U+016E (decimal 366)
   defining Unicode char U+016F (decimal 367)
   defining Unicode char U+0170 (decimal 368)
   defining Unicode char U+0171 (decimal 369)
   defining Unicode char U+0172 (decimal 370)
   defining Unicode char U+0173 (decimal 371)
   defining Unicode char U+0174 (decimal 372)
   defining Unicode char U+0175 (decimal 373)
   defining Unicode char U+0176 (decimal 374)
   defining Unicode char U+0177 (decimal 375)
   defining Unicode char U+0178 (decimal 376)
   defining Unicode char U+0179 (decimal 377)
   defining Unicode char U+017A (decimal 378)
   defining Unicode char U+017B (decimal 379)
   defining Unicode char U+017C (decimal 380)
   defining Unicode char U+017D (decimal 381)
   defining Unicode char U+017E (decimal 382)
   defining Unicode char U+01CD (decimal 461)
   defining Unicode char U+01CE (decimal 462)
   defining Unicode char U+01CF (decimal 463)
   defining Unicode char U+01D0 (decimal 464)
   defining Unicode char U+01D1 (decimal 465)
   defining Unicode char U+01D2 (decimal 466)
   defining Unicode char U+01D3 (decimal 467)
   defining Unicode char U+01D4 (decimal 468)
   defining Unicode char U+01E2 (decimal 482)
   defining Unicode char U+01E3 (decimal 483)
   defining Unicode char U+01E6 (decimal 486)
   defining Unicode char U+01E7 (decimal 487)
   defining Unicode char U+01E8 (decimal 488)
   defining Unicode char U+01E9 (decimal 489)
   defining Unicode char U+01EA (decimal 490)
   defining Unicode char U+01EB (decimal 491)
   defining Unicode char U+01F0 (decimal 496)
   defining Unicode char U+01F4 (decimal 500)
   defining Unicode char U+01F5 (decimal 501)
   defining Unicode char U+0218 (decimal 536)
   defining Unicode char U+0219 (decimal 537)
   defining Unicode char U+021A (decimal 538)
   defining Unicode char U+021B (decimal 539)
   defining Unicode char U+1E02 (decimal 7682)
   defining Unicode char U+1E03 (decimal 7683)
   defining Unicode char U+200C (decimal 8204)
   defining Unicode char U+2010 (decimal 8208)
   defining Unicode char U+2011 (decimal 8209)
   defining Unicode char U+2012 (decimal 8210)
   defining Unicode char U+2013 (decimal 8211)
   defining Unicode char U+2014 (decimal 8212)
   defining Unicode char U+2015 (decimal 8213)
   defining Unicode char U+2018 (decimal 8216)
   defining Unicode char U+2019 (decimal 8217)
   defining Unicode char U+201A (decimal 8218)
   defining Unicode char U+201C (decimal 8220)
   defining Unicode char U+201D (decimal 8221)
   defining Unicode char U+201E (decimal 8222)
   defining Unicode char U+2030 (decimal 8240)
   defining Unicode char U+2031 (decimal 8241)
   defining Unicode char U+2039 (decimal 8249)
   defining Unicode char U+203A (decimal 8250)
   defining Unicode char U+2423 (decimal 9251)
)
Now handling font encoding OT1 ...
... processing UTF-8 mapping file for font encoding OT1

("C:\Program Files\MiKTeX2.9\tex\latex\base\ot1enc.dfu"
File: ot1enc.dfu 2016/02/28 v1.1s UTF-8 support for inputenc
   defining Unicode char U+00A0 (decimal 160)
   defining Unicode char U+00A1 (decimal 161)
   defining Unicode char U+00A3 (decimal 163)
   defining Unicode char U+00AD (decimal 173)
   defining Unicode char U+00B8 (decimal 184)
   defining Unicode char U+00BF (decimal 191)
   defining Unicode char U+00C5 (decimal 197)
   defining Unicode char U+00C6 (decimal 198)
   defining Unicode char U+00D8 (decimal 216)
   defining Unicode char U+00DF (decimal 223)
   defining Unicode char U+00E6 (decimal 230)
   defining Unicode char U+00EC (decimal 236)
   defining Unicode char U+00ED (decimal 237)
   defining Unicode char U+00EE (decimal 238)
   defining Unicode char U+00EF (decimal 239)
   defining Unicode char U+00F8 (decimal 248)
   defining Unicode char U+0131 (decimal 305)
   defining Unicode char U+0141 (decimal 321)
   defining Unicode char U+0142 (decimal 322)
   defining Unicode char U+0152 (decimal 338)
   defining Unicode char U+0153 (decimal 339)
   defining Unicode char U+0174 (decimal 372)
   defining Unicode char U+0175 (decimal 373)
   defining Unicode char U+0176 (decimal 374)
   defining Unicode char U+0177 (decimal 375)
   defining Unicode char U+0218 (decimal 536)
   defining Unicode char U+0219 (decimal 537)
   defining Unicode char U+021A (decimal 538)
   defining Unicode char U+021B (decimal 539)
   defining Unicode char U+2013 (decimal 8211)
   defining Unicode char U+2014 (decimal 8212)
   defining Unicode char U+2018 (decimal 8216)
   defining Unicode char U+2019 (decimal 8217)
   defining Unicode char U+201C (decimal 8220)
   defining Unicode char U+201D (decimal 8221)
)
Now handling font encoding OMS ...
... processing UTF-8 mapping file for font encoding OMS

("C:\Program Files\MiKTeX2.9\tex\latex\base\omsenc.dfu"
File: omsenc.dfu 2016/02/28 v1.1s UTF-8 support for inputenc
   defining Unicode char U+00A7 (decimal 167)
   defining Unicode char U+00B6 (decimal 182)
   defining Unicode char U+00B7 (decimal 183)
   defining Unicode char U+2020 (decimal 8224)
   defining Unicode char U+2021 (decimal 8225)
   defining Unicode char U+2022 (decimal 8226)
)
Now handling font encoding OMX ...
... no UTF-8 mapping file for font encoding OMX
Now handling font encoding U ...
... no UTF-8 mapping file for font encoding U
   defining Unicode char U+00A9 (decimal 169)
   defining Unicode char U+00AA (decimal 170)
   defining Unicode char U+00AE (decimal 174)
   defining Unicode char U+00BA (decimal 186)
   defining Unicode char U+02C6 (decimal 710)
   defining Unicode char U+02DC (decimal 732)
   defining Unicode char U+200C (decimal 8204)
   defining Unicode char U+2026 (decimal 8230)
   defining Unicode char U+2122 (decimal 8482)
   defining Unicode char U+2423 (decimal 9251)
))
("C:\Program Files\MiKTeX2.9\tex\latex\base\latexsym.sty"
Package: latexsym 1998/08/17 v2.2e Standard LaTeX package (lasy symbols)
\symlasy=\mathgroup4
LaTeX Font Info:    Overwriting symbol font `lasy' in version `bold'
(Font)                  U/lasy/m/n --> U/lasy/b/n on input line 52.
)
("C:\Program Files\MiKTeX2.9\tex\latex\amsfonts\amsfonts.sty"
Package: amsfonts 2013/01/14 v3.01 Basic AMSFonts support
\@emptytoks=\toks16
\symAMSa=\mathgroup5
\symAMSb=\mathgroup6
LaTeX Font Info:    Overwriting math alphabet `\mathfrak' in version `bold'
(Font)                  U/euf/m/n --> U/euf/b/n on input line 106.
)
("C:\Program Files\MiKTeX2.9\tex\latex\amsfonts\amssymb.sty"
Package: amssymb 2013/01/14 v3.01 AMS font symbols
)
("C:\Program Files\MiKTeX2.9\tex\latex\amsmath\amstext.sty"
Package: amstext 2000/06/29 v2.01 AMS text

("C:\Program Files\MiKTeX2.9\tex\latex\amsmath\amsgen.sty"
File: amsgen.sty 1999/11/30 v2.0 generic functions
\@emptytoks=\toks17
\ex@=\dimen104
))
("C:\Program Files\MiKTeX2.9\tex\latex\amsmath\amsmath.sty"
Package: amsmath 2016/06/28 v2.15d AMS math features
\@mathmargin=\skip43

For additional information on amsmath, use the `?' option.
("C:\Program Files\MiKTeX2.9\tex\latex\amsmath\amsbsy.sty"
Package: amsbsy 1999/11/29 v1.2d Bold Symbols
\pmbraise@=\dimen105
)
("C:\Program Files\MiKTeX2.9\tex\latex\amsmath\amsopn.sty"
Package: amsopn 2016/03/08 v2.02 operator names
)
\inf@bad=\count87
LaTeX Info: Redefining \frac on input line 199.
\uproot@=\count88
\leftroot@=\count89
LaTeX Info: Redefining \overline on input line 297.
\classnum@=\count90
\DOTSCASE@=\count91
LaTeX Info: Redefining \ldots on input line 394.
LaTeX Info: Redefining \dots on input line 397.
LaTeX Info: Redefining \cdots on input line 518.
\Mathstrutbox@=\box26
\strutbox@=\box27
\big@size=\dimen106
LaTeX Font Info:    Redeclaring font encoding OML on input line 634.
LaTeX Font Info:    Redeclaring font encoding OMS on input line 635.
\macc@depth=\count92
\c@MaxMatrixCols=\count93
\dotsspace@=\muskip10
\c@parentequation=\count94
\dspbrk@lvl=\count95
\tag@help=\toks18
\row@=\count96
\column@=\count97
\maxfields@=\count98
\andhelp@=\toks19
\eqnshift@=\dimen107
\alignsep@=\dimen108
\tagshift@=\dimen109
\tagwidth@=\dimen110
\totwidth@=\dimen111
\lineht@=\dimen112
\@envbody=\toks20
\multlinegap=\skip44
\multlinetaggap=\skip45
\mathdisplay@stack=\toks21
LaTeX Info: Redefining \[ on input line 2739.
LaTeX Info: Redefining \] on input line 2740.
)
("C:\Program Files\MiKTeX2.9\tex\latex\mathtools\mathtools.sty"
Package: mathtools 2015/11/12 v1.18 mathematical typesetting tools

("C:\Program Files\MiKTeX2.9\tex\latex\graphics\keyval.sty"
Package: keyval 2014/10/28 v1.15 key=value parser (DPC)
\KV@toks@=\toks22
)
("C:\Program Files\MiKTeX2.9\tex\latex\tools\calc.sty"
Package: calc 2014/10/28 v4.3 Infix arithmetic (KKT,FJ)
\calc@Acount=\count99
\calc@Bcount=\count100
\calc@Adimen=\dimen113
\calc@Bdimen=\dimen114
\calc@Askip=\skip46
\calc@Bskip=\skip47
LaTeX Info: Redefining \setlength on input line 80.
LaTeX Info: Redefining \addtolength on input line 81.
\calc@Ccount=\count101
\calc@Cskip=\skip48
)
("C:\Program Files\MiKTeX2.9\tex\latex\mathtools\mhsetup.sty"
Package: mhsetup 2010/01/21 v1.2a programming setup (MH)
)
LaTeX Info: Thecontrolsequence`\('isalreadyrobust on input line 129.
LaTeX Info: Thecontrolsequence`\)'isalreadyrobust on input line 129.
LaTeX Info: Thecontrolsequence`\['isalreadyrobust on input line 129.
LaTeX Info: Thecontrolsequence`\]'isalreadyrobust on input line 129.
\g_MT_multlinerow_int=\count102
\l_MT_multwidth_dim=\dimen115
\origjot=\skip49
\l_MT_shortvdotswithinadjustabove_dim=\dimen116
\l_MT_shortvdotswithinadjustbelow_dim=\dimen117
\l_MT_above_intertext_sep=\dimen118
\l_MT_below_intertext_sep=\dimen119
\l_MT_above_shortintertext_sep=\dimen120
\l_MT_below_shortintertext_sep=\dimen121
)
("C:\Program Files\MiKTeX2.9\tex\latex\graphics\graphicx.sty"
Package: graphicx 2014/10/28 v1.0g Enhanced LaTeX Graphics (DPC,SPQR)

("C:\Program Files\MiKTeX2.9\tex\latex\graphics\graphics.sty"
Package: graphics 2016/07/10 v1.0t Standard LaTeX Graphics (DPC,SPQR)

("C:\Program Files\MiKTeX2.9\tex\latex\graphics\trig.sty"
Package: trig 2016/01/03 v1.10 sin cos tan (DPC)
)
("C:\Program Files\MiKTeX2.9\tex\latex\00miktex\graphics.cfg"
File: graphics.cfg 2016/06/04 v1.11 sample graphics configuration
)
Package graphics Info: Driver file: pdftex.def on input line 99.

("C:\Program Files\MiKTeX2.9\tex\latex\graphics-def\pdftex.def"
File: pdftex.def 2016/07/10 v0.06j Graphics/color for pdfTeX

("C:\Program Files\MiKTeX2.9\tex\generic\oberdiek\infwarerr.sty"
Package: infwarerr 2016/05/16 v1.4 Providing info/warning/error messages (HO)
)
("C:\Program Files\MiKTeX2.9\tex\generic\oberdiek\ltxcmds.sty"
Package: ltxcmds 2016/05/16 v1.23 LaTeX kernel commands for general use (HO)
)
\Gread@gobject=\count103
))
\Gin@req@height=\dimen122
\Gin@req@width=\dimen123
)
("C:\Program Files\MiKTeX2.9\tex\latex\caption\subcaption.sty"
Package: subcaption 2016/05/22 v1.1-161 Sub-captions (AR)

("C:\Program Files\MiKTeX2.9\tex\latex\caption\caption.sty"
Package: caption 2016/02/21 v3.3-144 Customizing captions (AR)

("C:\Program Files\MiKTeX2.9\tex\latex\caption\caption3.sty"
Package: caption3 2016/05/22 v1.7-166 caption3 kernel (AR)
Package caption3 Info: TeX engine: e-TeX on input line 67.
\captionmargin=\dimen124
\captionmargin@=\dimen125
\captionwidth=\dimen126
\caption@tempdima=\dimen127
\caption@indent=\dimen128
\caption@parindent=\dimen129
\caption@hangindent=\dimen130
)
\c@ContinuedFloat=\count104
)
\c@subfigure=\count105
\c@subtable=\count106
)
("C:\Program Files\MiKTeX2.9\tex\latex\geometry\geometry.sty"
Package: geometry 2010/09/12 v5.6 Page Geometry

("C:\Program Files\MiKTeX2.9\tex\generic\oberdiek\ifpdf.sty"
Package: ifpdf 2016/05/14 v3.1 Provides the ifpdf switch
)
("C:\Program Files\MiKTeX2.9\tex\generic\oberdiek\ifvtex.sty"
Package: ifvtex 2016/05/16 v1.6 Detect VTeX and its facilities (HO)
Package ifvtex Info: VTeX not detected.
)
("C:\Program Files\MiKTeX2.9\tex\generic\ifxetex\ifxetex.sty"
Package: ifxetex 2010/09/12 v0.6 Provides ifxetex conditional
)
\Gm@cnth=\count107
\Gm@cntv=\count108
\c@Gm@tempcnt=\count109
\Gm@bindingoffset=\dimen131
\Gm@wd@mp=\dimen132
\Gm@odd@mp=\dimen133
\Gm@even@mp=\dimen134
\Gm@layoutwidth=\dimen135
\Gm@layoutheight=\dimen136
\Gm@layouthoffset=\dimen137
\Gm@layoutvoffset=\dimen138
\Gm@dimlist=\toks23

("C:\Program Files\MiKTeX2.9\tex\latex\geometry\geometry.cfg"))
("C:\Program Files\MiKTeX2.9\tex\latex\epsf\epsf.sty"
This is `epsf.tex' v2.7.4 <14 February 2011>
\epsffilein=\read1
\epsfframemargin=\dimen139
\epsfframethickness=\dimen140
\epsfrsize=\dimen141
\epsftmp=\dimen142
\epsftsize=\dimen143
\epsfxsize=\dimen144
\epsfysize=\dimen145
\pspoints=\dimen146
) ("C:\Program Files\MiKTeX2.9\tex\latex\pdfpages\pdfpages.sty"
Package: pdfpages 2017/01/14 v0.5h Insert pages of external PDF documents (AM)

("C:\Program Files\MiKTeX2.9\tex\latex\base\ifthen.sty"
Package: ifthen 2014/09/29 v1.1c Standard LaTeX ifthen package (DPC)
)
("C:\Program Files\MiKTeX2.9\tex\latex\eso-pic\eso-pic.sty"
Package: eso-pic 2015/07/21 v2.0g eso-pic (RN)

("C:\Program Files\MiKTeX2.9\tex\generic\oberdiek\atbegshi.sty"
Package: atbegshi 2016/06/09 v1.18 At begin shipout hook (HO)
)
("C:\Program Files\MiKTeX2.9\tex\latex\xcolor\xcolor.sty"
Package: xcolor 2016/05/11 v2.12 LaTeX color extensions (UK)

("C:\Program Files\MiKTeX2.9\tex\latex\00miktex\color.cfg"
File: color.cfg 2016/01/02 v1.6 sample color configuration
)
Package xcolor Info: Driver file: pdftex.def on input line 225.
Package xcolor Info: Model `cmy' substituted by `cmy0' on input line 1348.
Package xcolor Info: Model `hsb' substituted by `rgb' on input line 1352.
Package xcolor Info: Model `RGB' extended on input line 1364.
Package xcolor Info: Model `HTML' substituted by `rgb' on input line 1366.
Package xcolor Info: Model `Hsb' substituted by `hsb' on input line 1367.
Package xcolor Info: Model `tHsb' substituted by `hsb' on input line 1368.
Package xcolor Info: Model `HSB' substituted by `hsb' on input line 1369.
Package xcolor Info: Model `Gray' substituted by `gray' on input line 1370.
Package xcolor Info: Model `wave' substituted by `hsb' on input line 1371.
))
\AM@pagewidth=\dimen147
\AM@pageheight=\dimen148

("C:\Program Files\MiKTeX2.9\tex\latex\pdfpages\pppdftex.def"
File: pppdftex.def 2017/01/14 v0.5h Pdfpages driver for pdfTeX (AM)
)
\AM@pagebox=\box28
\AM@global@opts=\toks24
\AM@toc@title=\toks25
\c@AM@survey=\count110
\AM@templatesizebox=\box29
)
("C:\Program Files\MiKTeX2.9\tex\latex\mathtools\empheq.sty"
Package: empheq 2014/07/16 v2.14 Emphasizing equations
\l_EQ_equationtype_int=\count111
\l_EQ_alignmentmode_int=\count112
\l_EQ_totalwidth_dim=\dimen149
\l_EQ_displaywidth_dim=\dimen150
\l_EQ_temp_linewidth_dim=\dimen151
\EmphEqdelimitershortfall=\dimen152
\EmphEqdelimiterfactor=\count113
\g_EQ_toptag_height_dim=\dimen153
\g_EQ_bottomtag_depth_dim=\dimen154
\g_EQ_toprow_height_dim=\dimen155
\g_EQ_bottomrow_depth_dim=\dimen156
\g_EQ_widesttag_dim=\dimen157
\EQ_mathdisplay_box=\box30
\EQ_tag_box=\box31
\g_EQ_temprow_int=\count114
)
("C:\Program Files\MiKTeX2.9\tex\latex\tcolorbox\tcolorbox.sty"
Package: tcolorbox 2017/02/24 version 4.02 text color boxes

("C:\Program Files\MiKTeX2.9\tex\latex\pgf\basiclayer\pgf.sty"
("C:\Program Files\MiKTeX2.9\tex\latex\pgf\utilities\pgfrcs.sty"
("C:\Program Files\MiKTeX2.9\tex\generic\pgf\utilities\pgfutil-common.tex"
\pgfutil@everybye=\toks26
\pgfutil@tempdima=\dimen158
\pgfutil@tempdimb=\dimen159

("C:\Program Files\MiKTeX2.9\tex\generic\pgf\utilities\pgfutil-common-lists.tex
")) ("C:\Program Files\MiKTeX2.9\tex\generic\pgf\utilities\pgfutil-latex.def"
\pgfutil@abb=\box32

("C:\Program Files\MiKTeX2.9\tex\latex\ms\everyshi.sty"
Package: everyshi 2001/05/15 v3.00 EveryShipout Package (MS)
))
("C:\Program Files\MiKTeX2.9\tex\generic\pgf\utilities\pgfrcs.code.tex"
Package: pgfrcs 2015/08/07 v3.0.1a (rcs-revision 1.31)
))
Package: pgf 2015/08/07 v3.0.1a (rcs-revision 1.15)

("C:\Program Files\MiKTeX2.9\tex\latex\pgf\basiclayer\pgfcore.sty"
("C:\Program Files\MiKTeX2.9\tex\latex\pgf\systemlayer\pgfsys.sty"
("C:\Program Files\MiKTeX2.9\tex\generic\pgf\systemlayer\pgfsys.code.tex"
Package: pgfsys 2014/07/09 v3.0.1a (rcs-revision 1.48)

("C:\Program Files\MiKTeX2.9\tex\generic\pgf\utilities\pgfkeys.code.tex"
\pgfkeys@pathtoks=\toks27
\pgfkeys@temptoks=\toks28

("C:\Program Files\MiKTeX2.9\tex\generic\pgf\utilities\pgfkeysfiltered.code.tex
"
\pgfkeys@tmptoks=\toks29
))
\pgf@x=\dimen160
\pgf@y=\dimen161
\pgf@xa=\dimen162
\pgf@ya=\dimen163
\pgf@xb=\dimen164
\pgf@yb=\dimen165
\pgf@xc=\dimen166
\pgf@yc=\dimen167
\w@pgf@writea=\write3
\r@pgf@reada=\read2
\c@pgf@counta=\count115
\c@pgf@countb=\count116
\c@pgf@countc=\count117
\c@pgf@countd=\count118
\t@pgf@toka=\toks30
\t@pgf@tokb=\toks31
\t@pgf@tokc=\toks32
 ("C:\Program Files\MiKTeX2.9\tex\generic\pgf\systemlayer\pgf.cfg"
File: pgf.cfg 2008/05/14  (rcs-revision 1.7)
)
Driver file for pgf: pgfsys-pdftex.def

("C:\Program Files\MiKTeX2.9\tex\generic\pgf\systemlayer\pgfsys-pdftex.def"
File: pgfsys-pdftex.def 2014/10/11  (rcs-revision 1.35)

("C:\Program Files\MiKTeX2.9\tex\generic\pgf\systemlayer\pgfsys-common-pdf.def"
File: pgfsys-common-pdf.def 2013/10/10  (rcs-revision 1.13)
)))
("C:\Program Files\MiKTeX2.9\tex\generic\pgf\systemlayer\pgfsyssoftpath.code.te
x"
File: pgfsyssoftpath.code.tex 2013/09/09  (rcs-revision 1.9)
\pgfsyssoftpath@smallbuffer@items=\count119
\pgfsyssoftpath@bigbuffer@items=\count120
)
("C:\Program Files\MiKTeX2.9\tex\generic\pgf\systemlayer\pgfsysprotocol.code.te
x"
File: pgfsysprotocol.code.tex 2006/10/16  (rcs-revision 1.4)
)) ("C:\Program Files\MiKTeX2.9\tex\generic\pgf\basiclayer\pgfcore.code.tex"
Package: pgfcore 2010/04/11 v3.0.1a (rcs-revision 1.7)

("C:\Program Files\MiKTeX2.9\tex\generic\pgf\math\pgfmath.code.tex"
("C:\Program Files\MiKTeX2.9\tex\generic\pgf\math\pgfmathcalc.code.tex"
("C:\Program Files\MiKTeX2.9\tex\generic\pgf\math\pgfmathutil.code.tex")
("C:\Program Files\MiKTeX2.9\tex\generic\pgf\math\pgfmathparser.code.tex"
\pgfmath@dimen=\dimen168
\pgfmath@count=\count121
\pgfmath@box=\box33
\pgfmath@toks=\toks33
\pgfmath@stack@operand=\toks34
\pgfmath@stack@operation=\toks35
)
("C:\Program Files\MiKTeX2.9\tex\generic\pgf\math\pgfmathfunctions.code.tex"
("C:\Program Files\MiKTeX2.9\tex\generic\pgf\math\pgfmathfunctions.basic.code.t
ex")
("C:\Program Files\MiKTeX2.9\tex\generic\pgf\math\pgfmathfunctions.trigonometri
c.code.tex")
("C:\Program Files\MiKTeX2.9\tex\generic\pgf\math\pgfmathfunctions.random.code.
tex")
("C:\Program Files\MiKTeX2.9\tex\generic\pgf\math\pgfmathfunctions.comparison.c
ode.tex")
("C:\Program Files\MiKTeX2.9\tex\generic\pgf\math\pgfmathfunctions.base.code.te
x")
("C:\Program Files\MiKTeX2.9\tex\generic\pgf\math\pgfmathfunctions.round.code.t
ex")
("C:\Program Files\MiKTeX2.9\tex\generic\pgf\math\pgfmathfunctions.misc.code.te
x")
("C:\Program Files\MiKTeX2.9\tex\generic\pgf\math\pgfmathfunctions.integerarith
metics.code.tex")))
("C:\Program Files\MiKTeX2.9\tex\generic\pgf\math\pgfmathfloat.code.tex"
\c@pgfmathroundto@lastzeros=\count122
))
("C:\Program Files\MiKTeX2.9\tex\generic\pgf\basiclayer\pgfcorepoints.code.tex"
File: pgfcorepoints.code.tex 2013/10/07  (rcs-revision 1.27)
\pgf@picminx=\dimen169
\pgf@picmaxx=\dimen170
\pgf@picminy=\dimen171
\pgf@picmaxy=\dimen172
\pgf@pathminx=\dimen173
\pgf@pathmaxx=\dimen174
\pgf@pathminy=\dimen175
\pgf@pathmaxy=\dimen176
\pgf@xx=\dimen177
\pgf@xy=\dimen178
\pgf@yx=\dimen179
\pgf@yy=\dimen180
\pgf@zx=\dimen181
\pgf@zy=\dimen182
)
("C:\Program Files\MiKTeX2.9\tex\generic\pgf\basiclayer\pgfcorepathconstruct.co
de.tex"
File: pgfcorepathconstruct.code.tex 2013/10/07  (rcs-revision 1.29)
\pgf@path@lastx=\dimen183
\pgf@path@lasty=\dimen184
)
("C:\Program Files\MiKTeX2.9\tex\generic\pgf\basiclayer\pgfcorepathusage.code.t
ex"
File: pgfcorepathusage.code.tex 2014/11/02  (rcs-revision 1.24)
\pgf@shorten@end@additional=\dimen185
\pgf@shorten@start@additional=\dimen186
)
("C:\Program Files\MiKTeX2.9\tex\generic\pgf\basiclayer\pgfcorescopes.code.tex"
File: pgfcorescopes.code.tex 2015/05/08  (rcs-revision 1.46)
\pgfpic=\box34
\pgf@hbox=\box35
\pgf@layerbox@main=\box36
\pgf@picture@serial@count=\count123
)
("C:\Program Files\MiKTeX2.9\tex\generic\pgf\basiclayer\pgfcoregraphicstate.cod
e.tex"
File: pgfcoregraphicstate.code.tex 2014/11/02  (rcs-revision 1.12)
\pgflinewidth=\dimen187
)
("C:\Program Files\MiKTeX2.9\tex\generic\pgf\basiclayer\pgfcoretransformations.
code.tex"
File: pgfcoretransformations.code.tex 2015/08/07  (rcs-revision 1.20)
\pgf@pt@x=\dimen188
\pgf@pt@y=\dimen189
\pgf@pt@temp=\dimen190
)
("C:\Program Files\MiKTeX2.9\tex\generic\pgf\basiclayer\pgfcorequick.code.tex"
File: pgfcorequick.code.tex 2008/10/09  (rcs-revision 1.3)
) ("C:\Program Files\MiKTeX2.9\tex\generic\pgf\basiclayer\pgfcoreobjects.code.t
ex"
File: pgfcoreobjects.code.tex 2006/10/11  (rcs-revision 1.2)
)
("C:\Program Files\MiKTeX2.9\tex\generic\pgf\basiclayer\pgfcorepathprocessing.c
ode.tex"
File: pgfcorepathprocessing.code.tex 2013/09/09  (rcs-revision 1.9)
)
("C:\Program Files\MiKTeX2.9\tex\generic\pgf\basiclayer\pgfcorearrows.code.tex"
File: pgfcorearrows.code.tex 2015/05/14  (rcs-revision 1.43)
\pgfarrowsep=\dimen191
) ("C:\Program Files\MiKTeX2.9\tex\generic\pgf\basiclayer\pgfcoreshade.code.tex
"
File: pgfcoreshade.code.tex 2013/07/15  (rcs-revision 1.15)
\pgf@max=\dimen192
\pgf@sys@shading@range@num=\count124
) ("C:\Program Files\MiKTeX2.9\tex\generic\pgf\basiclayer\pgfcoreimage.code.tex
"
File: pgfcoreimage.code.tex 2013/07/15  (rcs-revision 1.18)

("C:\Program Files\MiKTeX2.9\tex\generic\pgf\basiclayer\pgfcoreexternal.code.te
x"
File: pgfcoreexternal.code.tex 2014/07/09  (rcs-revision 1.21)
\pgfexternal@startupbox=\box37
))
("C:\Program Files\MiKTeX2.9\tex\generic\pgf\basiclayer\pgfcorelayers.code.tex"
File: pgfcorelayers.code.tex 2013/07/18  (rcs-revision 1.7)
)
("C:\Program Files\MiKTeX2.9\tex\generic\pgf\basiclayer\pgfcoretransparency.cod
e.tex"
File: pgfcoretransparency.code.tex 2013/09/30  (rcs-revision 1.5)
)
("C:\Program Files\MiKTeX2.9\tex\generic\pgf\basiclayer\pgfcorepatterns.code.te
x"
File: pgfcorepatterns.code.tex 2013/11/07  (rcs-revision 1.5)
)))
("C:\Program Files\MiKTeX2.9\tex\generic\pgf\modules\pgfmoduleshapes.code.tex"
File: pgfmoduleshapes.code.tex 2014/03/21  (rcs-revision 1.35)
\pgfnodeparttextbox=\box38
) ("C:\Program Files\MiKTeX2.9\tex\generic\pgf\modules\pgfmoduleplot.code.tex"
File: pgfmoduleplot.code.tex 2015/08/03  (rcs-revision 1.13)
)
("C:\Program Files\MiKTeX2.9\tex\latex\pgf\compatibility\pgfcomp-version-0-65.s
ty"
Package: pgfcomp-version-0-65 2007/07/03 v3.0.1a (rcs-revision 1.7)
\pgf@nodesepstart=\dimen193
\pgf@nodesepend=\dimen194
)
("C:\Program Files\MiKTeX2.9\tex\latex\pgf\compatibility\pgfcomp-version-1-18.s
ty"
Package: pgfcomp-version-1-18 2007/07/23 v3.0.1a (rcs-revision 1.1)
)) ("C:\Program Files\MiKTeX2.9\tex\latex\tools\verbatim.sty"
Package: verbatim 2014/10/28 v1.5q LaTeX2e package for verbatim enhancements
\every@verbatim=\toks36
\verbatim@line=\toks37
\verbatim@in@stream=\read3
)
("C:\Program Files\MiKTeX2.9\tex\latex\environ\environ.sty"
Package: environ 2014/05/04 v0.3 A new way to define environments

("C:\Program Files\MiKTeX2.9\tex\latex\trimspaces\trimspaces.sty"
Package: trimspaces 2009/09/17 v1.1 Trim spaces around a token list
))
("C:\Program Files\MiKTeX2.9\tex\latex\etoolbox\etoolbox.sty"
Package: etoolbox 2015/08/02 v2.2a e-TeX tools for LaTeX (JAW)
\etb@tempcnta=\count125
)
\tcb@titlebox=\box39
\tcb@upperbox=\box40
\tcb@lowerbox=\box41
\tcb@phantombox=\box42
\c@tcbbreakpart=\count126
\c@tcblayer=\count127
\tcolorbox@number=\count128
\tcb@temp=\box43
\tcb@temp=\box44
\tcb@temp=\box45
\tcb@temp=\box46
\tcb@out=\write4
\tcb@record@out=\write5

("C:\Program Files\MiKTeX2.9\tex\latex\tcolorbox\tcbtheorems.code.tex"
Library (tcolorbox): 'tcbtheorems.code.tex' version '4.02'
) ("C:\Program Files\MiKTeX2.9\tex\latex\tcolorbox\tcbskins.code.tex"
Library (tcolorbox): 'tcbskins.code.tex' version '4.02'
("C:\Program Files\MiKTeX2.9\tex\latex\pgf\frontendlayer\tikz.sty"
("C:\Program Files\MiKTeX2.9\tex\latex\pgf\utilities\pgffor.sty"
("C:\Program Files\MiKTeX2.9\tex\latex\pgf\utilities\pgfkeys.sty"
("C:\Program Files\MiKTeX2.9\tex\generic\pgf\utilities\pgfkeys.code.tex"))
("C:\Program Files\MiKTeX2.9\tex\latex\pgf\math\pgfmath.sty"
("C:\Program Files\MiKTeX2.9\tex\generic\pgf\math\pgfmath.code.tex"))
("C:\Program Files\MiKTeX2.9\tex\generic\pgf\utilities\pgffor.code.tex"
Package: pgffor 2013/12/13 v3.0.1a (rcs-revision 1.25)

("C:\Program Files\MiKTeX2.9\tex\generic\pgf\math\pgfmath.code.tex")
\pgffor@iter=\dimen195
\pgffor@skip=\dimen196
\pgffor@stack=\toks38
\pgffor@toks=\toks39
))
("C:\Program Files\MiKTeX2.9\tex\generic\pgf\frontendlayer\tikz\tikz.code.tex"
Package: tikz 2015/08/07 v3.0.1a (rcs-revision 1.151)

("C:\Program Files\MiKTeX2.9\tex\generic\pgf\libraries\pgflibraryplothandlers.c
ode.tex"
File: pgflibraryplothandlers.code.tex 2013/08/31 v3.0.1a (rcs-revision 1.20)
\pgf@plot@mark@count=\count129
\pgfplotmarksize=\dimen197
)
\tikz@lastx=\dimen198
\tikz@lasty=\dimen199
\tikz@lastxsaved=\dimen256
\tikz@lastysaved=\dimen257
\tikzleveldistance=\dimen258
\tikzsiblingdistance=\dimen259
\tikz@figbox=\box47
\tikz@figbox@bg=\box48
\tikz@tempbox=\box49
\tikz@tempbox@bg=\box50
\tikztreelevel=\count130
\tikznumberofchildren=\count131
\tikznumberofcurrentchild=\count132
\tikz@fig@count=\count133

("C:\Program Files\MiKTeX2.9\tex\generic\pgf\modules\pgfmodulematrix.code.tex"
File: pgfmodulematrix.code.tex 2013/09/17  (rcs-revision 1.8)
\pgfmatrixcurrentrow=\count134
\pgfmatrixcurrentcolumn=\count135
\pgf@matrix@numberofcolumns=\count136
)
\tikz@expandcount=\count137

("C:\Program Files\MiKTeX2.9\tex\generic\pgf\frontendlayer\tikz\libraries\tikzl
ibrarytopaths.code.tex"
File: tikzlibrarytopaths.code.tex 2008/06/17 v3.0.1a (rcs-revision 1.2)
)))
\tcb@waterbox=\box51

("C:\Program Files\MiKTeX2.9\tex\latex\tcolorbox\tcbskinsjigsaw.code.tex"
Library (tcolorbox): 'tcbskinsjigsaw.code.tex' version '4.02'
))) (Skript_Überarbeitung.aux

LaTeX Warning: Label `Null_DrittesStandbein' multiply defined.


LaTeX Warning: Label `fig:Trajektorie' multiply defined.


LaTeX Warning: Label `Phasenraumtrajektorie' multiply defined.

)
\openout1 = `Skript_Überarbeitung.aux'.

LaTeX Font Info:    Checking defaults for OML/cmm/m/it on input line 40.
LaTeX Font Info:    ... okay on input line 40.
LaTeX Font Info:    Checking defaults for T1/cmr/m/n on input line 40.
LaTeX Font Info:    ... okay on input line 40.
LaTeX Font Info:    Checking defaults for OT1/cmr/m/n on input line 40.
LaTeX Font Info:    ... okay on input line 40.
LaTeX Font Info:    Checking defaults for OMS/cmsy/m/n on input line 40.
LaTeX Font Info:    ... okay on input line 40.
LaTeX Font Info:    Checking defaults for OMX/cmex/m/n on input line 40.
LaTeX Font Info:    ... okay on input line 40.
LaTeX Font Info:    Checking defaults for U/cmr/m/n on input line 40.
LaTeX Font Info:    ... okay on input line 40.
 ("C:\Program Files\MiKTeX2.9\tex\context\base\supp-pdf.mkii"
[Loading MPS to PDF converter (version 2006.09.02).]
\scratchcounter=\count138
\scratchdimen=\dimen260
\scratchbox=\box52
\nofMPsegments=\count139
\nofMParguments=\count140
\everyMPshowfont=\toks40
\MPscratchCnt=\count141
\MPscratchDim=\dimen261
\MPnumerator=\count142
\makeMPintoPDFobject=\count143
\everyMPtoPDFconversion=\toks41
) ("C:\Program Files\MiKTeX2.9\tex\generic\oberdiek\pdftexcmds.sty"
Package: pdftexcmds 2016/05/21 v0.22 Utility functions of pdfTeX for LuaTeX (HO
)

("C:\Program Files\MiKTeX2.9\tex\generic\oberdiek\ifluatex.sty"
Package: ifluatex 2016/05/16 v1.4 Provides the ifluatex switch (HO)
Package ifluatex Info: LuaTeX not detected.
)
Package pdftexcmds Info: LuaTeX not detected.
Package pdftexcmds Info: \pdf@primitive is available.
Package pdftexcmds Info: \pdf@ifprimitive is available.
Package pdftexcmds Info: \pdfdraftmode found.
)
("C:\Program Files\MiKTeX2.9\tex\latex\oberdiek\epstopdf-base.sty"
Package: epstopdf-base 2016/05/15 v2.6 Base part for package epstopdf

("C:\Program Files\MiKTeX2.9\tex\latex\oberdiek\grfext.sty"
Package: grfext 2016/05/16 v1.2 Manage graphics extensions (HO)

("C:\Program Files\MiKTeX2.9\tex\generic\oberdiek\kvdefinekeys.sty"
Package: kvdefinekeys 2016/05/16 v1.4 Define keys (HO)
))
("C:\Program Files\MiKTeX2.9\tex\latex\oberdiek\kvoptions.sty"
Package: kvoptions 2016/05/16 v3.12 Key value format for package options (HO)

("C:\Program Files\MiKTeX2.9\tex\generic\oberdiek\kvsetkeys.sty"
Package: kvsetkeys 2016/05/16 v1.17 Key value parser (HO)

("C:\Program Files\MiKTeX2.9\tex\generic\oberdiek\etexcmds.sty"
Package: etexcmds 2016/05/16 v1.6 Avoid name clashes with e-TeX commands (HO)
Package etexcmds Info: Could not find \expanded.
(etexcmds)             That can mean that you are not using pdfTeX 1.50 or
(etexcmds)             that some package has redefined \expanded.
(etexcmds)             In the latter case, load this package earlier.
)))
Package epstopdf-base Info: Redefining graphics rule for `.eps' on input line 4
38.
Package grfext Info: Graphics extension search list:
(grfext)             [.png,.pdf,.jpg,.mps,.jpeg,.jbig2,.jb2,.PNG,.PDF,.JPG,.JPE
G,.JBIG2,.JB2,.eps]
(grfext)             \AppendGraphicsExtensions on input line 456.
)
Package caption Info: Begin \AtBeginDocument code.
Package caption Info: End \AtBeginDocument code.

*geometry* driver: auto-detecting
*geometry* detected driver: pdftex
*geometry* verbose mode - [ preamble ] result:
* driver: pdftex
* paper: a4paper
* layout: <same size as paper>
* layoutoffset:(h,v)=(0.0pt,0.0pt)
* modes: 
* h-part:(L,W,R)=(113.81102pt, 426.79135pt, 56.9055pt)
* v-part:(T,H,B)=(113.81102pt, 674.33032pt, 56.9055pt)
* \paperwidth=597.50787pt
* \paperheight=845.04684pt
* \textwidth=455.24408pt
* \textheight=711.3189pt
* \oddsidemargin=0.0pt
* \evensidemargin=41.54103pt
* \topmargin=-28.45274pt
* \headheight=12.0pt
* \headsep=25.0pt
* \topskip=12.0pt
* \footskip=30.0pt
* \marginparwidth=44.0pt
* \marginparsep=10.0pt
* \columnsep=10.0pt
* \skip\footins=10.8pt plus 4.0pt minus 2.0pt
* \hoffset=0.0pt
* \voffset=0.0pt
* \mag=1000
* \@twocolumnfalse
* \@twosidefalse
* \@mparswitchfalse
* \@reversemarginfalse
* (1in=72.27pt=25.4mm, 1cm=28.453pt)

\AtBeginShipoutBox=\box53
("C:\Program Files\MiKTeX2.9\tex\latex\oberdiek\pdflscape.sty"
Package: pdflscape 2016/05/14 v0.11 Display of landscape pages in PDF (HO)

("C:\Program Files\MiKTeX2.9\tex\latex\graphics\lscape.sty"
Package: lscape 2000/10/22 v3.01 Landscape Pages (DPC)
)
Package pdflscape Info: Auto-detected driver: pdftex on input line 81.
)
\Hy@linkcounter=\count144

ABD: EveryShipout initializing macros (Skript_Überarbeitung.toc
LaTeX Font Info:    Try loading font information for U+lasy on input line 2.

("C:\Program Files\MiKTeX2.9\tex\latex\base\ulasy.fd"
File: ulasy.fd 1998/08/17 v2.2e LaTeX symbol font definitions
)
LaTeX Font Info:    Try loading font information for U+msa on input line 2.

("C:\Program Files\MiKTeX2.9\tex\latex\amsfonts\umsa.fd"
File: umsa.fd 2013/01/14 v3.01 AMS symbols A
)
LaTeX Font Info:    Try loading font information for U+msb on input line 2.

("C:\Program Files\MiKTeX2.9\tex\latex\amsfonts\umsb.fd"
File: umsb.fd 2013/01/14 v3.01 AMS symbols B
))
\tf@toc=\write6
\openout6 = `Skript_Überarbeitung.toc'.

 [1

{C:/Users/studium/AppData/Local/MiKTeX/2.9/pdftex/config/pdftex.map}]
<Null_DrittesStandbein.jpg, id=11, 388.8126pt x 238.0092pt>
File: Null_DrittesStandbein.jpg Graphic file (type jpg)

<use Null_DrittesStandbein.jpg>
Package pdftex.def Info: Null_DrittesStandbein.jpg used on input line 48.
(pdftex.def)             Requested size: 204.85844pt x 125.40703pt.
LaTeX Font Info:    Try loading font information for OMS+cmr on input line 53.

("C:\Program Files\MiKTeX2.9\tex\latex\base\omscmr.fd"
File: omscmr.fd 2014/09/29 v2.5h Standard LaTeX font definitions
)
LaTeX Font Info:    Font shape `OMS/cmr/m/n' in size <12> not available
(Font)              Font shape `OMS/cmsy/m/n' tried instead on input line 53.

<Null_Rechner.png, id=12, 623.4492pt x 194.6472pt>
File: Null_Rechner.png Graphic file (type png)
 <use Null_Rechner.png>
Package pdftex.def Info: Null_Rechner.png used on input line 95.
(pdftex.def)             Requested size: 364.19664pt x 113.70627pt.

[2 <./Null_DrittesStandbein.jpg>]
Underfull \hbox (badness 10000) in paragraph at lines 115--116

 []


Underfull \hbox (badness 10000) in paragraph at lines 125--126

 []


Underfull \hbox (badness 10000) in paragraph at lines 140--143

 []

[3 <./Null_Rechner.png>] <Folie1.png, id=26, 722.7pt x 542.025pt>
File: Folie1.png Graphic file (type png)

<use Folie1.png>
Package pdftex.def Info: Folie1.png used on input line 174.
(pdftex.def)             Requested size: 227.62204pt x 170.71396pt.
 <Folie2.png, id=27, 722.7pt x 542.025pt>
File: Folie2.png Graphic file (type png)
 <use Folie2.png>
Package pdftex.def Info: Folie2.png used on input line 182.
(pdftex.def)             Requested size: 227.62204pt x 170.71396pt.

Overfull \hbox (7.83325pt too wide) in paragraph at lines 172--187
[]$[]$   $[]$ 
 []


LaTeX Warning: `h' float specifier changed to `ht'.


Overfull \hbox (14.26021pt too wide) in paragraph at lines 191--193
\OT1/cmr/bx/n/12 hal-tung: \OT1/cmr/m/n/12 Im ab-ge-schlos-se-nen Sy-stem ist d
ie Ge-sam-t-ener-gie kon-stant mit $\OML/cmm/m/it/12 U \OT1/cmr/m/n/12 = \OML/c
mm/m/it/12 H\OT1/cmr/m/n/12 (\OML/cmm/m/it/12 q\OT1/cmr/m/n/12 (\OML/cmm/m/it/1
2 t\OT1/cmr/m/n/12 )\OML/cmm/m/it/12 ; p\OT1/cmr/m/n/12 (\OML/cmm/m/it/12 t\OT1
/cmr/m/n/12 )) =
 []

[4] <Folie3.png, id=35, 722.7pt x 542.025pt>
File: Folie3.png Graphic file (type png)
 <use Folie3.png>
Package pdftex.def Info: Folie3.png used on input line 232.
(pdftex.def)             Requested size: 227.62204pt x 170.71396pt.

<Folie4.png, id=36, 722.7pt x 542.025pt>
File: Folie4.png Graphic file (type png)
 <use Folie4.png>
Package pdftex.def Info: Folie4.png used on input line 240.
(pdftex.def)             Requested size: 227.62204pt x 170.71396pt.

Overfull \hbox (7.83325pt too wide) in paragraph at lines 230--245
[]$[]$   $[]$ 
 []


LaTeX Warning: `h' float specifier changed to `ht'.

[5 <./Folie1.png> <./Folie2.png>] [6 <./Folie3.png> <./Folie4.png>]
<Folie5.png, id=49, 722.7pt x 542.025pt>
File: Folie5.png Graphic file (type png)
 <use Folie5.png>
Package pdftex.def Info: Folie5.png used on input line 320.
(pdftex.def)             Requested size: 227.62204pt x 170.71396pt.

<Folie6.png, id=50, 722.7pt x 542.025pt>
File: Folie6.png Graphic file (type png)
 <use Folie6.png>
Package pdftex.def Info: Folie6.png used on input line 328.
(pdftex.def)             Requested size: 227.62204pt x 170.71396pt.

Overfull \hbox (7.83325pt too wide) in paragraph at lines 318--333
[]$[]$   $[]$ 
 []


LaTeX Warning: `h' float specifier changed to `ht'.


Underfull \hbox (badness 10000) in paragraph at lines 336--337

 []


Underfull \hbox (badness 10000) in paragraph at lines 341--342

 []

[7] [8 <./Folie5.png> <./Folie6.png>]
Underfull \hbox (badness 10000) in paragraph at lines 406--408

 []

[9]
Underfull \hbox (badness 10000) in paragraph at lines 437--440

 []

<Folie7.png, id=66, 722.7pt x 542.025pt>
File: Folie7.png Graphic file (type png)
 <use Folie7.png>
Package pdftex.def Info: Folie7.png used on input line 444.
(pdftex.def)             Requested size: 227.62204pt x 170.71396pt.

<Folie8.png, id=67, 722.7pt x 542.025pt>
File: Folie8.png Graphic file (type png)
 <use Folie8.png>
Package pdftex.def Info: Folie8.png used on input line 452.
(pdftex.def)             Requested size: 227.62204pt x 170.71396pt.

Overfull \hbox (7.83325pt too wide) in paragraph at lines 442--457
[]$[]$   $[]$ 
 []


LaTeX Warning: `h' float specifier changed to `ht'.


Underfull \hbox (badness 10000) in paragraph at lines 461--462

 []

[10] [11 <./Folie7.png> <./Folie8.png>]
Underfull \hbox (badness 10000) in paragraph at lines 499--500

 []

<Folie9.png, id=76, 722.7pt x 542.025pt>
File: Folie9.png Graphic file (type png)
 <use Folie9.png>
Package pdftex.def Info: Folie9.png used on input line 504.
(pdftex.def)             Requested size: 227.62204pt x 170.71396pt.

<Folie11.png, id=77, 722.7pt x 542.025pt>
File: Folie11.png Graphic file (type png)
 <use Folie11.png>
Package pdftex.def Info: Folie11.png used on input line 512.
(pdftex.def)             Requested size: 227.62204pt x 170.71396pt.

Overfull \hbox (7.83325pt too wide) in paragraph at lines 502--517
[]$[]$   $[]$ 
 []

[12 <./Folie9.png> <./Folie11.png>] <Folie12.png, id=83, 722.7pt x 542.025pt>
File: Folie12.png Graphic file (type png)

<use Folie12.png>
Package pdftex.def Info: Folie12.png used on input line 582.
(pdftex.def)             Requested size: 227.62204pt x 170.71396pt.
File: Folie12.png Graphic file (type png)
 <use Folie12.png>
Package pdftex.def Info: Folie12.png used on input line 590.
(pdftex.def)             Requested size: 227.62204pt x 170.71396pt.

Overfull \hbox (7.83325pt too wide) in paragraph at lines 580--595
[]$[]$   $[]$ 
 []


LaTeX Warning: `h' float specifier changed to `ht'.

[13]

LaTeX Font Warning: Font shape `OT1/cmr/bx/sc' undefined
(Font)              using `OT1/cmr/bx/n' instead on input line 603.


Underfull \hbox (badness 10000) in paragraph at lines 619--621

 []

<Folie13.png, id=89, 722.7pt x 542.025pt>
File: Folie13.png Graphic file (type png)
 <use Folie13.png>
Package pdftex.def Info: Folie13.png used on input line 625.
(pdftex.def)             Requested size: 227.62204pt x 170.71396pt.

<Folie14.png, id=90, 722.7pt x 542.025pt>
File: Folie14.png Graphic file (type png)
 <use Folie14.png>
Package pdftex.def Info: Folie14.png used on input line 633.
(pdftex.def)             Requested size: 227.62204pt x 170.71396pt.

Overfull \hbox (7.83325pt too wide) in paragraph at lines 623--638
[]$[]$   $[]$ 
 []


LaTeX Warning: `h' float specifier changed to `ht'.

[14 <./Folie12.png>]
Overfull \hbox (21.10927pt too wide) in paragraph at lines 658--659
[]\OT1/cmr/m/n/12 Es exi-stie-ren zahl-rei-che Wei-ter-ent-wick-lun-gen des lin
ear-konvergenten Zufallszahlen-
 []

[15 <./Folie13.png> <./Folie14.png>]
Underfull \hbox (badness 10000) in paragraph at lines 689--690

 []


Underfull \hbox (badness 10000) in paragraph at lines 693--697

 []

<Folie15.png, id=103, 722.7pt x 542.025pt>
File: Folie15.png Graphic file (type png)
 <use Folie15.png>
Package pdftex.def Info: Folie15.png used on input line 720.
(pdftex.def)             Requested size: 227.62204pt x 170.71396pt.

<Folie16.png, id=104, 722.7pt x 542.025pt>
File: Folie16.png Graphic file (type png)
 <use Folie16.png>
Package pdftex.def Info: Folie16.png used on input line 728.
(pdftex.def)             Requested size: 227.62204pt x 170.71396pt.

Overfull \hbox (7.83325pt too wide) in paragraph at lines 718--733
[]$[]$   $[]$ 
 []


LaTeX Warning: `h' float specifier changed to `ht'.

[16]
Underfull \hbox (badness 10000) in paragraph at lines 751--752

 []

[17 <./Folie15.png> <./Folie16.png>]
<Folie17.png, id=113, 722.7pt x 542.025pt>
File: Folie17.png Graphic file (type png)
 <use Folie17.png>
Package pdftex.def Info: Folie17.png used on input line 801.
(pdftex.def)             Requested size: 227.62204pt x 170.71396pt.

<Folie18.png, id=114, 722.7pt x 542.025pt>
File: Folie18.png Graphic file (type png)
 <use Folie18.png>
Package pdftex.def Info: Folie18.png used on input line 809.
(pdftex.def)             Requested size: 227.62204pt x 170.71396pt.

Overfull \hbox (7.83325pt too wide) in paragraph at lines 799--814
[]$[]$   $[]$ 
 []


LaTeX Warning: `h' float specifier changed to `ht'.

[18] <Folie19.png, id=118, 722.7pt x 542.025pt>
File: Folie19.png Graphic file (type png)
 <use Folie19.png>
Package pdftex.def Info: Folie19.png used on input line 841.
(pdftex.def)             Requested size: 227.62204pt x 170.71396pt.

<Folie22.png, id=119, 722.7pt x 542.025pt>
File: Folie22.png Graphic file (type png)
 <use Folie22.png>
Package pdftex.def Info: Folie22.png used on input line 849.
(pdftex.def)             Requested size: 227.62204pt x 170.71396pt.

Overfull \hbox (7.83325pt too wide) in paragraph at lines 839--854
[]$[]$   $[]$ 
 []


LaTeX Warning: `h' float specifier changed to `ht'.

<Folie20.png, id=120, 722.7pt x 542.025pt>
File: Folie20.png Graphic file (type png)
 <use Folie20.png>
Package pdftex.def Info: Folie20.png used on input line 861.
(pdftex.def)             Requested size: 227.62204pt x 170.71396pt.

<Folie21.png, id=121, 722.7pt x 542.025pt>
File: Folie21.png Graphic file (type png)
 <use Folie21.png>
Package pdftex.def Info: Folie21.png used on input line 868.
(pdftex.def)             Requested size: 227.62204pt x 170.71396pt.

Overfull \hbox (7.83325pt too wide) in paragraph at lines 859--872
[]$[]$   $[]$ 
 []


LaTeX Warning: `h' float specifier changed to `ht'.

[19 <./Folie17.png> <./Folie18.png>] [20 <./Folie19.png> <./Folie22.png> <./Fol
ie20.png> <./Folie21.png>] <Folie23.png, id=135, 722.7pt x 542.025pt>
File: Folie23.png Graphic file (type png)

<use Folie23.png>
Package pdftex.def Info: Folie23.png used on input line 926.
(pdftex.def)             Requested size: 227.62204pt x 170.71396pt.
 <Folie24.png, id=136, 722.7pt x 542.025pt>
File: Folie24.png Graphic file (type png)
 <use Folie24.png>
Package pdftex.def Info: Folie24.png used on input line 934.
(pdftex.def)             Requested size: 227.62204pt x 170.71396pt.

Overfull \hbox (7.83325pt too wide) in paragraph at lines 924--939
[]$[]$   $[]$ 
 []


Underfull \hbox (badness 10000) in paragraph at lines 946--948

 []


Overfull \hbox (16.82448pt too wide) in paragraph at lines 953--954
[]\OT1/cmr/m/it/12 Schlecht w[]are zum Bei-spiel: \OT1/cmr/m/n/12 die Betrags-E
xponentialfunktion (\OT1/cmr/m/sc/12 Gau\OT1/cmr/m/n/12 funktion) ben[]otigt
 []

[21 <./Folie23.png> <./Folie24.png>] [22]
Underfull \hbox (badness 10000) in paragraph at lines 1019--1020

 []


Underfull \hbox (badness 10000) in paragraph at lines 1032--1033

 []

<Folie25.png, id=145, 722.7pt x 542.025pt>
File: Folie25.png Graphic file (type png)
 <use Folie25.png>
Package pdftex.def Info: Folie25.png used on input line 1037.
(pdftex.def)             Requested size: 227.62204pt x 170.71396pt.

<Folie26.png, id=146, 722.7pt x 542.025pt>
File: Folie26.png Graphic file (type png)
 <use Folie26.png>
Package pdftex.def Info: Folie26.png used on input line 1045.
(pdftex.def)             Requested size: 227.62204pt x 170.71396pt.

Overfull \hbox (7.83325pt too wide) in paragraph at lines 1035--1050
[]$[]$   $[]$ 
 []

[23 <./Folie25.png> <./Folie26.png>]
Underfull \hbox (badness 10000) in paragraph at lines 1123--1129

 []

[24] [25] [26] <Folie27.png, id=162, 722.7pt x 542.025pt>
File: Folie27.png Graphic file (type png)
 <use Folie27.png>
Package pdftex.def Info: Folie27.png used on input line 1218.
(pdftex.def)             Requested size: 227.62204pt x 170.71396pt.

<Folie28.png, id=163, 722.7pt x 542.025pt>
File: Folie28.png Graphic file (type png)
 <use Folie28.png>
Package pdftex.def Info: Folie28.png used on input line 1226.
(pdftex.def)             Requested size: 227.62204pt x 170.71396pt.

Overfull \hbox (7.83325pt too wide) in paragraph at lines 1216--1231
[]$[]$   $[]$ 
 []

[27 <./Folie27.png> <./Folie28.png>]
Overfull \hbox (35.15198pt too wide) in paragraph at lines 1263--1265
[]$\OMS/cmsy/m/n/12 )$ \OT1/cmr/m/n/12 Pro-blem: wir brau-chen Zust[]ande $[]$ 
mit Wahr-schein-lich-keit $\OML/cmm/m/it/12 w\OT1/cmr/m/n/12 ([]) \OMS/cmsy/m/n
/12 / \OML/cmm/m/it/12 e[]$ \OT1/cmr/m/n/12 ($\OMS/cmsy/m/n/12 )$\OT1/cmr/m/n/1
2 Problematisch).
 []


Underfull \hbox (badness 10000) in paragraph at lines 1263--1265

 []

[28]
Underfull \hbox (badness 10000) in paragraph at lines 1355--1356

 []

<Folie29.png, id=172, 722.7pt x 542.025pt>
File: Folie29.png Graphic file (type png)
 <use Folie29.png>
Package pdftex.def Info: Folie29.png used on input line 1360.
(pdftex.def)             Requested size: 227.62204pt x 170.71396pt.

<Folie30.png, id=173, 722.7pt x 542.025pt>
File: Folie30.png Graphic file (type png)
 <use Folie30.png>
Package pdftex.def Info: Folie30.png used on input line 1368.
(pdftex.def)             Requested size: 227.62204pt x 170.71396pt.

Overfull \hbox (7.83325pt too wide) in paragraph at lines 1358--1373
[]$[]$   $[]$ 
 []

[29] [30 <./Folie29.png> <./Folie30.png>]
<Folie31.png, id=182, 722.7pt x 542.025pt>
File: Folie31.png Graphic file (type png)
 <use Folie31.png>
Package pdftex.def Info: Folie31.png used on input line 1423.
(pdftex.def)             Requested size: 227.62204pt x 170.71396pt.

<Folie32.png, id=183, 722.7pt x 542.025pt>
File: Folie32.png Graphic file (type png)
 <use Folie32.png>
Package pdftex.def Info: Folie32.png used on input line 1431.
(pdftex.def)             Requested size: 227.62204pt x 170.71396pt.

Overfull \hbox (7.83325pt too wide) in paragraph at lines 1421--1436
[]$[]$   $[]$ 
 []

[31 <./Folie31.png> <./Folie32.png>]
Overfull \hbox (1.41315pt too wide) in paragraph at lines 1484--1484
[] 
 []

[32] <Folie33.png, id=193, 722.7pt x 542.025pt>
File: Folie33.png Graphic file (type png)
 <use Folie33.png>
Package pdftex.def Info: Folie33.png used on input line 1519.
(pdftex.def)             Requested size: 227.62204pt x 170.71396pt.

<Folie34.png, id=194, 722.7pt x 542.025pt>
File: Folie34.png Graphic file (type png)
 <use Folie34.png>
Package pdftex.def Info: Folie34.png used on input line 1527.
(pdftex.def)             Requested size: 227.62204pt x 170.71396pt.

Overfull \hbox (7.83325pt too wide) in paragraph at lines 1517--1532
[]$[]$   $[]$ 
 []

<Folie35.png, id=195, 722.7pt x 542.025pt>
File: Folie35.png Graphic file (type png)
 <use Folie35.png>
Package pdftex.def Info: Folie35.png used on input line 1555.
(pdftex.def)             Requested size: 227.62204pt x 170.71396pt.

<Folie36.png, id=196, 722.7pt x 542.025pt>
File: Folie36.png Graphic file (type png)
 <use Folie36.png>
Package pdftex.def Info: Folie36.png used on input line 1563.
(pdftex.def)             Requested size: 227.62204pt x 170.71396pt.

Overfull \hbox (7.83325pt too wide) in paragraph at lines 1553--1568
[]$[]$   $[]$ 
 []


LaTeX Warning: `h' float specifier changed to `ht'.

[33 <./Folie33.png> <./Folie34.png>]
<Folie37.png, id=202, 722.7pt x 542.025pt>
File: Folie37.png Graphic file (type png)
 <use Folie37.png>
Package pdftex.def Info: Folie37.png used on input line 1620.
(pdftex.def)             Requested size: 227.62204pt x 170.71396pt.

<Folie38.png, id=203, 722.7pt x 542.025pt>
File: Folie38.png Graphic file (type png)
 <use Folie38.png>
Package pdftex.def Info: Folie38.png used on input line 1628.
(pdftex.def)             Requested size: 227.62204pt x 170.71396pt.

Overfull \hbox (7.83325pt too wide) in paragraph at lines 1618--1633
[]$[]$   $[]$ 
 []


LaTeX Warning: `h' float specifier changed to `ht'.

[34 <./Folie35.png> <./Folie36.png>] [35 <./Folie37.png> <./Folie38.png>]
Underfull \hbox (badness 10000) in paragraph at lines 1712--1713

 []

<Folie39.png, id=214, 722.7pt x 542.025pt>
File: Folie39.png Graphic file (type png)
 <use Folie39.png>
Package pdftex.def Info: Folie39.png used on input line 1717.
(pdftex.def)             Requested size: 227.62204pt x 170.71396pt.

<Folie40.png, id=215, 722.7pt x 542.025pt>
File: Folie40.png Graphic file (type png)
 <use Folie40.png>
Package pdftex.def Info: Folie40.png used on input line 1725.
(pdftex.def)             Requested size: 227.62204pt x 170.71396pt.

Overfull \hbox (7.83325pt too wide) in paragraph at lines 1715--1730
[]$[]$   $[]$ 
 []


LaTeX Warning: `h' float specifier changed to `ht'.


Underfull \hbox (badness 10000) in paragraph at lines 1747--1748

 []

[36]
Underfull \hbox (badness 10000) in paragraph at lines 1766--1768

 []


Underfull \hbox (badness 10000) in paragraph at lines 1769--1773

 []

[37 <./Folie39.png> <./Folie40.png>]
Underfull \hbox (badness 10000) in paragraph at lines 1805--1806

 []

[38]
Underfull \hbox (badness 10000) in paragraph at lines 1842--1844

 []

<Folie41.png, id=228, 722.7pt x 542.025pt>
File: Folie41.png Graphic file (type png)
 <use Folie41.png>
Package pdftex.def Info: Folie41.png used on input line 1848.
(pdftex.def)             Requested size: 227.62204pt x 170.71396pt.

<Folie42.png, id=229, 722.7pt x 542.025pt>
File: Folie42.png Graphic file (type png)
 <use Folie42.png>
Package pdftex.def Info: Folie42.png used on input line 1856.
(pdftex.def)             Requested size: 227.62204pt x 170.71396pt.

Overfull \hbox (7.83325pt too wide) in paragraph at lines 1846--1861
[]$[]$   $[]$ 
 []


LaTeX Warning: `h' float specifier changed to `ht'.

[39] [40 <./Folie41.png> <./Folie42.png>]
Underfull \hbox (badness 10000) in paragraph at lines 1925--1927

 []


Underfull \hbox (badness 10000) in paragraph at lines 1928--1932

 []

[41] <Folie43.png, id=241, 722.7pt x 542.025pt>
File: Folie43.png Graphic file (type png)
 <use Folie43.png>
Package pdftex.def Info: Folie43.png used on input line 1959.
(pdftex.def)             Requested size: 227.62204pt x 170.71396pt.

<Folie44.png, id=242, 722.7pt x 542.025pt>
File: Folie44.png Graphic file (type png)
 <use Folie44.png>
Package pdftex.def Info: Folie44.png used on input line 1967.
(pdftex.def)             Requested size: 227.62204pt x 170.71396pt.

Overfull \hbox (7.83325pt too wide) in paragraph at lines 1957--1972
[]$[]$   $[]$ 
 []


Overfull \hbox (6.84203pt too wide) in paragraph at lines 1976--1976
[]\OT1/cmr/bx/n/14.4 Kontinuierliche Frei-heits-gra-de: 'x-y' und Heisenbergs-M
odell 
 []

[42 <./Folie43.png> <./Folie44.png>]
<Folie45.png, id=248, 722.7pt x 542.025pt>
File: Folie45.png Graphic file (type png)
 <use Folie45.png>
Package pdftex.def Info: Folie45.png used on input line 2004.
(pdftex.def)             Requested size: 227.62204pt x 170.71396pt.

<Folie46.png, id=249, 722.7pt x 542.025pt>
File: Folie46.png Graphic file (type png)
 <use Folie46.png>
Package pdftex.def Info: Folie46.png used on input line 2012.
(pdftex.def)             Requested size: 227.62204pt x 170.71396pt.

Overfull \hbox (7.83325pt too wide) in paragraph at lines 2002--2017
[]$[]$   $[]$ 
 []


Overfull \hbox (5.60808pt too wide) in paragraph at lines 2035--2041
\OT1/cmr/m/n/12 dem gibt es rich-ti-ge (=al-so er-go-di-sche) und zu-dem sehr e
f-fek-ti-ve Cluster-Algorithmen,
 []

[43 <./Folie45.png> <./Folie46.png>]
<Folie47.png, id=257, 722.7pt x 542.025pt>
File: Folie47.png Graphic file (type png)
 <use Folie47.png>
Package pdftex.def Info: Folie47.png used on input line 2045.
(pdftex.def)             Requested size: 227.62204pt x 170.71396pt.

<Folie48.png, id=258, 722.7pt x 542.025pt>
File: Folie48.png Graphic file (type png)
 <use Folie48.png>
Package pdftex.def Info: Folie48.png used on input line 2053.
(pdftex.def)             Requested size: 227.62204pt x 170.71396pt.

Overfull \hbox (7.83325pt too wide) in paragraph at lines 2043--2058
[]$[]$   $[]$ 
 []

[44 <./Folie47.png> <./Folie48.png>] [45] [46]
Underfull \hbox (badness 10000) in paragraph at lines 2194--2195

 []

<Folie49.png, id=270, 722.7pt x 542.025pt>
File: Folie49.png Graphic file (type png)
 <use Folie49.png>
Package pdftex.def Info: Folie49.png used on input line 2198.
(pdftex.def)             Requested size: 204.85844pt x 153.64339pt.
 [47 <./Folie49.png>]
Underfull \hbox (badness 10000) in paragraph at lines 2233--2235

 []

<hello.png, id=275, 753.5352pt x 403.7484pt>
File: hello.png Graphic file (type png)
 <use hello.png>
Package pdftex.def Info: hello.png used on input line 2243.
(pdftex.def)             Requested size: 455.24408pt x 243.92046pt.
 [48 <./hello.png>] <Folie55.png, id=280, 722.7pt x 542.025pt>
File: Folie55.png Graphic file (type png)
 <use Folie55.png>
Package pdftex.def Info: Folie55.png used on input line 2277.
(pdftex.def)             Requested size: 227.62204pt x 170.71396pt.

<Folie56.png, id=281, 722.7pt x 542.025pt>
File: Folie56.png Graphic file (type png)
 <use Folie56.png>
Package pdftex.def Info: Folie56.png used on input line 2285.
(pdftex.def)             Requested size: 227.62204pt x 170.71396pt.

Overfull \hbox (7.83325pt too wide) in paragraph at lines 2275--2290
[]$[]$   $[]$ 
 []


Overfull \hbox (6.71364pt too wide) in paragraph at lines 2309--2310
[]\OT1/cmr/m/n/12 Molekulardynamik (zun[]achst) mi-kro-ka-no-nisch, d.h. die En
er-gie bleibt er-hal-ten. Durch
 []


Underfull \hbox (badness 10000) in paragraph at lines 2309--2310

 []

[49 <./Folie55.png> <./Folie56.png>]
Underfull \hbox (badness 10000) in paragraph at lines 2336--2337

 []

<Folie57.png, id=288, 722.7pt x 542.025pt>
File: Folie57.png Graphic file (type png)
 <use Folie57.png>
Package pdftex.def Info: Folie57.png used on input line 2340.
(pdftex.def)             Requested size: 318.66946pt x 239.0045pt.
 [50 <./Folie57.png>]
LaTeX Font Info:    Font shape `U/lasy/b/n' in size <8> not available
(Font)              Font shape `U/lasy/m/n' tried instead on input line 2373.
LaTeX Font Info:    Font shape `U/lasy/b/n' in size <6> not available
(Font)              Font shape `U/lasy/m/n' tried instead on input line 2373.

Underfull \hbox (badness 10000) in paragraph at lines 2399--2401

 []

[51] <Folie58.png, id=298, 722.7pt x 542.025pt>
File: Folie58.png Graphic file (type png)
 <use Folie58.png>
Package pdftex.def Info: Folie58.png used on input line 2450.
(pdftex.def)             Requested size: 227.62204pt x 170.71396pt.

<Folie59.png, id=299, 722.7pt x 542.025pt>
File: Folie59.png Graphic file (type png)
 <use Folie59.png>
Package pdftex.def Info: Folie59.png used on input line 2458.
(pdftex.def)             Requested size: 227.62204pt x 170.71396pt.

Overfull \hbox (7.83325pt too wide) in paragraph at lines 2448--2463
[]$[]$   $[]$ 
 []

[52 <./Folie58.png> <./Folie59.png>]
Underfull \hbox (badness 10000) in paragraph at lines 2486--2488

 []


Underfull \hbox (badness 10000) in paragraph at lines 2506--2507

 []

<Folie60.png, id=305, 722.7pt x 542.025pt>
File: Folie60.png Graphic file (type png)
 <use Folie60.png>
Package pdftex.def Info: Folie60.png used on input line 2512.
(pdftex.def)             Requested size: 227.62204pt x 170.71396pt.

<Folie61.png, id=306, 722.7pt x 542.025pt>
File: Folie61.png Graphic file (type png)
 <use Folie61.png>
Package pdftex.def Info: Folie61.png used on input line 2520.
(pdftex.def)             Requested size: 227.62204pt x 170.71396pt.

Overfull \hbox (7.83325pt too wide) in paragraph at lines 2510--2525
[]$[]$   $[]$ 
 []

[53 <./Folie60.png> <./Folie61.png>]
Underfull \hbox (badness 10000) in paragraph at lines 2549--2551

 []

[54]
Underfull \hbox (badness 10000) in paragraph at lines 2583--2584

 []

<Folie62.png, id=315, 722.7pt x 542.025pt>
File: Folie62.png Graphic file (type png)
 <use Folie62.png>
Package pdftex.def Info: Folie62.png used on input line 2625.
(pdftex.def)             Requested size: 227.62204pt x 170.71396pt.

<Folie63.png, id=316, 722.7pt x 542.025pt>
File: Folie63.png Graphic file (type png)
 <use Folie63.png>
Package pdftex.def Info: Folie63.png used on input line 2633.
(pdftex.def)             Requested size: 227.62204pt x 170.71396pt.

Overfull \hbox (7.83325pt too wide) in paragraph at lines 2623--2638
[]$[]$   $[]$ 
 []


LaTeX Warning: `h' float specifier changed to `ht'.

[55] <Folie64.png, id=321, 722.7pt x 542.025pt>
File: Folie64.png Graphic file (type png)
 <use Folie64.png>
Package pdftex.def Info: Folie64.png used on input line 2671.
(pdftex.def)             Requested size: 318.66946pt x 239.0045pt.

Underfull \hbox (badness 10000) in paragraph at lines 2681--2683

 []

[56 <./Folie62.png> <./Folie63.png>]
Overfull \hbox (2.56035pt too wide) in paragraph at lines 2688--2692
\OT1/cmr/m/n/12 Tra-jek-to-rie. Seit \OT1/cmr/m/sc/12 Poin-car[]e \OT1/cmr/m/n/
12 (1892) ist eben-so be-kannt, dass sol-che DGLn un-ter Umst[]anden
 []


Underfull \hbox (badness 10000) in paragraph at lines 2697--2698

 []

<Folie65.png, id=327, 722.7pt x 542.025pt>
File: Folie65.png Graphic file (type png)
 <use Folie65.png>
Package pdftex.def Info: Folie65.png used on input line 2703.
(pdftex.def)             Requested size: 227.62204pt x 170.71396pt.

<Folie66.png, id=328, 722.7pt x 542.025pt>
File: Folie66.png Graphic file (type png)
 <use Folie66.png>
Package pdftex.def Info: Folie66.png used on input line 2711.
(pdftex.def)             Requested size: 227.62204pt x 170.71396pt.

Overfull \hbox (7.83325pt too wide) in paragraph at lines 2701--2716
[]$[]$   $[]$ 
 []


LaTeX Warning: `h' float specifier changed to `ht'.


Underfull \hbox (badness 10000) in paragraph at lines 2733--2735

 []

[57 <./Folie64.png>] <Folie67.png, id=333, 722.7pt x 542.025pt>
File: Folie67.png Graphic file (type png)

<use Folie67.png>
Package pdftex.def Info: Folie67.png used on input line 2738.
(pdftex.def)             Requested size: 227.62204pt x 170.71396pt.
 [58 <./Folie65.png> <./Folie66.png> <./Folie67.png>]
Underfull \hbox (badness 10000) in paragraph at lines 2764--2766

 []

<Folie68.png, id=340, 722.7pt x 542.025pt>
File: Folie68.png Graphic file (type png)
 <use Folie68.png>
Package pdftex.def Info: Folie68.png used on input line 2796.
(pdftex.def)             Requested size: 227.62204pt x 170.71396pt.

<Folie69.png, id=341, 722.7pt x 542.025pt>
File: Folie69.png Graphic file (type png)
 <use Folie69.png>
Package pdftex.def Info: Folie69.png used on input line 2804.
(pdftex.def)             Requested size: 227.62204pt x 170.71396pt.

Overfull \hbox (7.83325pt too wide) in paragraph at lines 2794--2809
[]$[]$   $[]$ 
 []


LaTeX Warning: `h' float specifier changed to `ht'.

[59]
Underfull \hbox (badness 10000) in paragraph at lines 2829--2830

 []


Underfull \hbox (badness 10000) in paragraph at lines 2831--2831

 []

[60 <./Folie68.png> <./Folie69.png>] [61] [62]
Underfull \hbox (badness 10000) in paragraph at lines 2961--2966

 []

<Folie70.png, id=357, 722.7pt x 542.025pt>
File: Folie70.png Graphic file (type png)
 <use Folie70.png>
Package pdftex.def Info: Folie70.png used on input line 2971.
(pdftex.def)             Requested size: 227.62204pt x 170.71396pt.

<Folie71.png, id=358, 722.7pt x 542.025pt>
File: Folie71.png Graphic file (type png)
 <use Folie71.png>
Package pdftex.def Info: Folie71.png used on input line 2979.
(pdftex.def)             Requested size: 227.62204pt x 170.71396pt.

Overfull \hbox (7.83325pt too wide) in paragraph at lines 2969--2984
[]$[]$   $[]$ 
 []

[63 <./Folie70.png> <./Folie71.png>]
<Folie72.png, id=364, 722.7pt x 542.025pt>
File: Folie72.png Graphic file (type png)
 <use Folie72.png>
Package pdftex.def Info: Folie72.png used on input line 3039.
(pdftex.def)             Requested size: 227.62204pt x 170.71396pt.

Underfull \hbox (badness 10000) in paragraph at lines 3046--3048

 []

[64]
Underfull \hbox (badness 10000) in paragraph at lines 3059--3061

 []


Underfull \hbox (badness 10000) in paragraph at lines 3072--3073

 []

[65 <./Folie72.png>]
Underfull \hbox (badness 10000) in paragraph at lines 3095--3097

 []

<Folie73.png, id=372, 722.7pt x 542.025pt>
File: Folie73.png Graphic file (type png)
 <use Folie73.png>
Package pdftex.def Info: Folie73.png used on input line 3100.
(pdftex.def)             Requested size: 227.62204pt x 170.71396pt.

Underfull \hbox (badness 10000) in paragraph at lines 3105--3111

 []

[66 <./Folie73.png>]
Underfull \hbox (badness 10000) in paragraph at lines 3115--3118

 []

<Folie74.png, id=377, 722.7pt x 542.025pt>
File: Folie74.png Graphic file (type png)
 <use Folie74.png>
Package pdftex.def Info: Folie74.png used on input line 3122.
(pdftex.def)             Requested size: 227.62204pt x 170.71396pt.

<Folie75.png, id=378, 722.7pt x 542.025pt>
File: Folie75.png Graphic file (type png)
 <use Folie75.png>
Package pdftex.def Info: Folie75.png used on input line 3130.
(pdftex.def)             Requested size: 227.62204pt x 170.71396pt.

Overfull \hbox (7.83325pt too wide) in paragraph at lines 3120--3135
[]$[]$   $[]$ 
 []

[67 <./Folie74.png> <./Folie75.png>]
Underfull \hbox (badness 10000) in paragraph at lines 3166--3167

 []


Overfull \hbox (1.90877pt too wide) in paragraph at lines 3174--3179
\OT1/cmr/m/sc/12 Lan-ge-vin \OT1/cmr/m/n/12 1908) Fol-gen \OT1/cmr/m/sc/12 Lan-
ge-vin \OT1/cmr/m/n/12 Be-we-gungs-glei-chung f[]ur \OT1/cmr/m/it/12 ein \OT1/c
mr/m/n/12 Teil-chen auf ei-ner Fl[]ussig-
 []

[68]

LaTeX Warning: Command \ss invalid in math mode on input line 3210.


LaTeX Warning: Command \ss invalid in math mode on input line 3210.

<Folie76.png, id=389, 722.7pt x 542.025pt>
File: Folie76.png Graphic file (type png)
 <use Folie76.png>
Package pdftex.def Info: Folie76.png used on input line 3244.
(pdftex.def)             Requested size: 227.62204pt x 170.71396pt.

<Folie77.png, id=390, 722.7pt x 542.025pt>
File: Folie77.png Graphic file (type png)
 <use Folie77.png>
Package pdftex.def Info: Folie77.png used on input line 3252.
(pdftex.def)             Requested size: 227.62204pt x 170.71396pt.

Overfull \hbox (7.83325pt too wide) in paragraph at lines 3242--3257
[]$[]$   $[]$ 
 []


LaTeX Warning: `h' float specifier changed to `ht'.

[69]
Underfull \hbox (badness 10000) in paragraph at lines 3277--3279

 []


Underfull \hbox (badness 10000) in paragraph at lines 3280--3282

 []

<Folie78.png, id=394, 722.7pt x 542.025pt>
File: Folie78.png Graphic file (type png)
 <use Folie78.png>
Package pdftex.def Info: Folie78.png used on input line 3285.
(pdftex.def)             Requested size: 227.62204pt x 170.71396pt.

Overfull \hbox (1.39981pt too wide) in paragraph at lines 3292--3293
[]\OT1/cmr/m/n/12 bewegt sich dann bei je-dem Zeit-schritt 'zuf[]allig': z.B. B
e-we-gung auf $2\OML/cmm/m/it/12 d$\OT1/cmr/m/n/12 -Quadratgitter 
 []

[70 <./Folie76.png> <./Folie77.png>] [71 <./Folie78.png>]
Underfull \hbox (badness 10000) in paragraph at lines 3366--3369

 []

[72] [73]
Underfull \hbox (badness 10000) in paragraph at lines 3460--3462

 []


Overfull \hbox (11.71637pt too wide) in paragraph at lines 3463--3464
[]\OT1/cmr/m/n/12 Einfachstes, ir-re-ver-si-bles Ver-fah-ren, das Stratonovich-
Gleichung ver-wen-det: Heun-Verfahren. 
 []

[74]
Overfull \hbox (4.83983pt too wide) in paragraph at lines 3504--3506
\OT1/cmr/m/n/12 Wobei die Er-war-tungs-wer-te in klas-si-sche Gr[]oen []uber-g
e-hen. (\OT1/cmr/bx/sc/12 Ehrenfest-Theorem\OT1/cmr/m/n/12 ):
 []

[75]
Underfull \hbox (badness 10000) in paragraph at lines 3524--3526

 []


Underfull \hbox (badness 10000) in paragraph at lines 3540--3542

 []

[76] [77]
Underfull \hbox (badness 10000) in paragraph at lines 3611--3613

 []


Underfull \hbox (badness 10000) in paragraph at lines 3626--3627

 []

<Thouless_Uebergang_Nobelprice.pdf, id=425, 597.50829pt x 845.0471pt>
File: Thouless_Uebergang_Nobelprice.pdf Graphic file (type pdf)

<use Thouless_Uebergang_Nobelprice.pdf>
Package pdftex.def Info: Thouless_Uebergang_Nobelprice.pdf used on input line 3
631.
(pdftex.def)             Requested size: 597.50682pt x 845.04504pt.
File: Thouless_Uebergang_Nobelprice.pdf Graphic file (type pdf)

<use Thouless_Uebergang_Nobelprice.pdf>
Package pdftex.def Info: Thouless_Uebergang_Nobelprice.pdf used on input line 3
631.
(pdftex.def)             Requested size: 597.50682pt x 845.04504pt.
File: Thouless_Uebergang_Nobelprice.pdf Graphic file (type pdf)

<use Thouless_Uebergang_Nobelprice.pdf>
Package pdftex.def Info: Thouless_Uebergang_Nobelprice.pdf used on input line 3
631.
(pdftex.def)             Requested size: 597.50682pt x 845.04504pt.
File: Thouless_Uebergang_Nobelprice.pdf Graphic file (type pdf)

<use Thouless_Uebergang_Nobelprice.pdf>
Package pdftex.def Info: Thouless_Uebergang_Nobelprice.pdf used on input line 3
631.
(pdftex.def)             Requested size: 597.50682pt x 845.04504pt.
File: Thouless_Uebergang_Nobelprice.pdf Graphic file (type pdf)

<use Thouless_Uebergang_Nobelprice.pdf>
Package pdftex.def Info: Thouless_Uebergang_Nobelprice.pdf used on input line 3
631.
(pdftex.def)             Requested size: 597.50682pt x 845.04504pt.
File: Thouless_Uebergang_Nobelprice.pdf Graphic file (type pdf)

<use Thouless_Uebergang_Nobelprice.pdf>
Package pdftex.def Info: Thouless_Uebergang_Nobelprice.pdf used on input line 3
631.
(pdftex.def)             Requested size: 597.50682pt x 845.04504pt.

<Thouless_Uebergang_Nobelprice.pdf, id=432, page=1, 597.50829pt x 845.0471pt>
File: Thouless_Uebergang_Nobelprice.pdf Graphic file (type pdf)

<use Thouless_Uebergang_Nobelprice.pdf, page 1>
Package pdftex.def Info: Thouless_Uebergang_Nobelprice.pdf, page1 used on input
 line 3631.
(pdftex.def)             Requested size: 597.50682pt x 845.04504pt.
File: Thouless_Uebergang_Nobelprice.pdf Graphic file (type pdf)

<use Thouless_Uebergang_Nobelprice.pdf, page 1>
Package pdftex.def Info: Thouless_Uebergang_Nobelprice.pdf, page1 used on input
 line 3631.
(pdftex.def)             Requested size: 597.53416pt x 845.08372pt.
 [78]
File: Thouless_Uebergang_Nobelprice.pdf Graphic file (type pdf)

<use Thouless_Uebergang_Nobelprice.pdf, page 1>
Package pdftex.def Info: Thouless_Uebergang_Nobelprice.pdf, page1 used on input
 line 3631.
(pdftex.def)             Requested size: 597.53416pt x 845.08372pt.
File: Thouless_Uebergang_Nobelprice.pdf Graphic file (type pdf)

<use Thouless_Uebergang_Nobelprice.pdf, page 1>
Package pdftex.def Info: Thouless_Uebergang_Nobelprice.pdf, page1 used on input
 line 3631.
(pdftex.def)             Requested size: 597.53416pt x 845.08372pt.
File: Thouless_Uebergang_Nobelprice.pdf Graphic file (type pdf)

<use Thouless_Uebergang_Nobelprice.pdf, page 1>
Package pdftex.def Info: Thouless_Uebergang_Nobelprice.pdf, page1 used on input
 line 3631.
(pdftex.def)             Requested size: 597.53416pt x 845.08372pt.
 [79 <./Thouless_Uebergang_Nobelprice.pdf>]
<Thouless_Uebergang_Nobelprice.pdf, id=540, page=2, 597.50829pt x 845.0471pt>
File: Thouless_Uebergang_Nobelprice.pdf Graphic file (type pdf)

<use Thouless_Uebergang_Nobelprice.pdf, page 2>
Package pdftex.def Info: Thouless_Uebergang_Nobelprice.pdf, page2 used on input
 line 3631.
(pdftex.def)             Requested size: 597.53416pt x 845.08372pt.
File: Thouless_Uebergang_Nobelprice.pdf Graphic file (type pdf)

<use Thouless_Uebergang_Nobelprice.pdf, page 2>
Package pdftex.def Info: Thouless_Uebergang_Nobelprice.pdf, page2 used on input
 line 3631.
(pdftex.def)             Requested size: 597.53416pt x 845.08372pt.
File: Thouless_Uebergang_Nobelprice.pdf Graphic file (type pdf)

<use Thouless_Uebergang_Nobelprice.pdf, page 2>
Package pdftex.def Info: Thouless_Uebergang_Nobelprice.pdf, page2 used on input
 line 3631.
(pdftex.def)             Requested size: 597.53416pt x 845.08372pt.
 [80 <./Thouless_Uebergang_Nobelprice.pdf>]
<Thouless_Uebergang_Nobelprice.pdf, id=572, page=3, 597.50829pt x 845.0471pt>
File: Thouless_Uebergang_Nobelprice.pdf Graphic file (type pdf)

<use Thouless_Uebergang_Nobelprice.pdf, page 3>
Package pdftex.def Info: Thouless_Uebergang_Nobelprice.pdf, page3 used on input
 line 3631.
(pdftex.def)             Requested size: 597.53416pt x 845.08372pt.
File: Thouless_Uebergang_Nobelprice.pdf Graphic file (type pdf)

<use Thouless_Uebergang_Nobelprice.pdf, page 3>
Package pdftex.def Info: Thouless_Uebergang_Nobelprice.pdf, page3 used on input
 line 3631.
(pdftex.def)             Requested size: 597.53416pt x 845.08372pt.
File: Thouless_Uebergang_Nobelprice.pdf Graphic file (type pdf)

<use Thouless_Uebergang_Nobelprice.pdf, page 3>
Package pdftex.def Info: Thouless_Uebergang_Nobelprice.pdf, page3 used on input
 line 3631.
(pdftex.def)             Requested size: 597.53416pt x 845.08372pt.
 [81 <./Thouless_Uebergang_Nobelprice.pdf>]
<Thouless_Uebergang_Nobelprice.pdf, id=584, page=4, 597.50829pt x 845.0471pt>
File: Thouless_Uebergang_Nobelprice.pdf Graphic file (type pdf)

<use Thouless_Uebergang_Nobelprice.pdf, page 4>
Package pdftex.def Info: Thouless_Uebergang_Nobelprice.pdf, page4 used on input
 line 3631.
(pdftex.def)             Requested size: 597.53416pt x 845.08372pt.
File: Thouless_Uebergang_Nobelprice.pdf Graphic file (type pdf)

<use Thouless_Uebergang_Nobelprice.pdf, page 4>
Package pdftex.def Info: Thouless_Uebergang_Nobelprice.pdf, page4 used on input
 line 3631.
(pdftex.def)             Requested size: 597.53416pt x 845.08372pt.
File: Thouless_Uebergang_Nobelprice.pdf Graphic file (type pdf)

<use Thouless_Uebergang_Nobelprice.pdf, page 4>
Package pdftex.def Info: Thouless_Uebergang_Nobelprice.pdf, page4 used on input
 line 3631.
(pdftex.def)             Requested size: 597.53416pt x 845.08372pt.
 [82 <./Thouless_Uebergang_Nobelprice.pdf>]
<Thouless_Uebergang_Nobelprice.pdf, id=596, page=5, 597.50829pt x 845.0471pt>
File: Thouless_Uebergang_Nobelprice.pdf Graphic file (type pdf)

<use Thouless_Uebergang_Nobelprice.pdf, page 5>
Package pdftex.def Info: Thouless_Uebergang_Nobelprice.pdf, page5 used on input
 line 3631.
(pdftex.def)             Requested size: 597.53416pt x 845.08372pt.
File: Thouless_Uebergang_Nobelprice.pdf Graphic file (type pdf)

<use Thouless_Uebergang_Nobelprice.pdf, page 5>
Package pdftex.def Info: Thouless_Uebergang_Nobelprice.pdf, page5 used on input
 line 3631.
(pdftex.def)             Requested size: 597.53416pt x 845.08372pt.
File: Thouless_Uebergang_Nobelprice.pdf Graphic file (type pdf)

<use Thouless_Uebergang_Nobelprice.pdf, page 5>
Package pdftex.def Info: Thouless_Uebergang_Nobelprice.pdf, page5 used on input
 line 3631.
(pdftex.def)             Requested size: 597.53416pt x 845.08372pt.
 [83 <./Thouless_Uebergang_Nobelprice.pdf>] <Nowak.pdf, id=608, 614.295pt x 794
.97pt>
File: Nowak.pdf Graphic file (type pdf)
 <use Nowak.pdf>
Package pdftex.def Info: Nowak.pdf used on input line 3632.
(pdftex.def)             Requested size: 614.29349pt x 794.96806pt.
File: Nowak.pdf Graphic file (type pdf)

<use Nowak.pdf>
Package pdftex.def Info: Nowak.pdf used on input line 3632.
(pdftex.def)             Requested size: 614.29349pt x 794.96806pt.
File: Nowak.pdf Graphic file (type pdf)
 <use Nowak.pdf>
Package pdftex.def Info: Nowak.pdf used on input line 3632.
(pdftex.def)             Requested size: 614.29349pt x 794.96806pt.
File: Nowak.pdf Graphic file (type pdf)
 <use Nowak.pdf>
Package pdftex.def Info: Nowak.pdf used on input line 3632.
(pdftex.def)             Requested size: 614.29349pt x 794.96806pt.
File: Nowak.pdf Graphic file (type pdf)
 <use Nowak.pdf>
Package pdftex.def Info: Nowak.pdf used on input line 3632.
(pdftex.def)             Requested size: 614.29349pt x 794.96806pt.

<Nowak.pdf, id=614, page=1, 614.295pt x 794.97pt>
File: Nowak.pdf Graphic file (type pdf)
 <use Nowak.pdf, page 1>
Package pdftex.def Info: Nowak.pdf, page1 used on input line 3632.
(pdftex.def)             Requested size: 614.29349pt x 794.96806pt.
File: Nowak.pdf Graphic file (type pdf)

<use Nowak.pdf, page 1>
Package pdftex.def Info: Nowak.pdf, page1 used on input line 3632.
(pdftex.def)             Requested size: 597.78697pt x 773.60669pt.
File: Nowak.pdf Graphic file (type pdf)
 <use Nowak.pdf, page 1>
Package pdftex.def Info: Nowak.pdf, page1 used on input line 3632.
(pdftex.def)             Requested size: 597.78697pt x 773.60669pt.
File: Nowak.pdf Graphic file (type pdf)
 <use Nowak.pdf, page 1>
Package pdftex.def Info: Nowak.pdf, page1 used on input line 3632.
(pdftex.def)             Requested size: 597.78697pt x 773.60669pt.
File: Nowak.pdf Graphic file (type pdf)

<use Nowak.pdf, page 1>
Package pdftex.def Info: Nowak.pdf, page1 used on input line 3632.
(pdftex.def)             Requested size: 597.78697pt x 773.60669pt.
 [84 <./Nowak.pdf>]
<Nowak.pdf, id=646, page=2, 614.295pt x 794.97pt>
File: Nowak.pdf Graphic file (type pdf)
 <use Nowak.pdf, page 2>
Package pdftex.def Info: Nowak.pdf, page2 used on input line 3632.
(pdftex.def)             Requested size: 597.78697pt x 773.60669pt.
File: Nowak.pdf Graphic file (type pdf)

<use Nowak.pdf, page 2>
Package pdftex.def Info: Nowak.pdf, page2 used on input line 3632.
(pdftex.def)             Requested size: 597.78697pt x 773.60669pt.
File: Nowak.pdf Graphic file (type pdf)
 <use Nowak.pdf, page 2>
Package pdftex.def Info: Nowak.pdf, page2 used on input line 3632.
(pdftex.def)             Requested size: 597.78697pt x 773.60669pt.
 [85 <./Nowak.pdf>]
<Nowak.pdf, id=659, page=3, 614.295pt x 794.97pt>
File: Nowak.pdf Graphic file (type pdf)
 <use Nowak.pdf, page 3>
Package pdftex.def Info: Nowak.pdf, page3 used on input line 3632.
(pdftex.def)             Requested size: 597.78697pt x 773.60669pt.
File: Nowak.pdf Graphic file (type pdf)

<use Nowak.pdf, page 3>
Package pdftex.def Info: Nowak.pdf, page3 used on input line 3632.
(pdftex.def)             Requested size: 597.78697pt x 773.60669pt.
File: Nowak.pdf Graphic file (type pdf)
 <use Nowak.pdf, page 3>
Package pdftex.def Info: Nowak.pdf, page3 used on input line 3632.
(pdftex.def)             Requested size: 597.78697pt x 773.60669pt.
 [86 <./Nowak.pdf>]
<Nowak.pdf, id=674, page=4, 614.295pt x 794.97pt>
File: Nowak.pdf Graphic file (type pdf)
 <use Nowak.pdf, page 4>
Package pdftex.def Info: Nowak.pdf, page4 used on input line 3632.
(pdftex.def)             Requested size: 597.78697pt x 773.60669pt.
File: Nowak.pdf Graphic file (type pdf)

<use Nowak.pdf, page 4>
Package pdftex.def Info: Nowak.pdf, page4 used on input line 3632.
(pdftex.def)             Requested size: 597.78697pt x 773.60669pt.
File: Nowak.pdf Graphic file (type pdf)
 <use Nowak.pdf, page 4>
Package pdftex.def Info: Nowak.pdf, page4 used on input line 3632.
(pdftex.def)             Requested size: 597.78697pt x 773.60669pt.
 [87 <./Nowak.pdf>]
(Skript_Überarbeitung.aux)

LaTeX Font Warning: Some font shapes were not available, defaults substituted.


LaTeX Warning: There were multiply-defined labels.

 ) 
Here is how much of TeX's memory you used:
 19688 strings out of 493334
 391335 string characters out of 3139675
 480291 words of memory out of 3000000
 22761 multiletter control sequences out of 15000+200000
 20999 words of font info for 83 fonts, out of 3000000 for 9000
 1141 hyphenation exceptions out of 8191
 54i,22n,85p,826b,634s stack positions out of 5000i,500n,10000p,200000b,50000s
<C:/Program Files/MiKTeX2.9/fonts/type1/public/amsfonts/cm/cmbx10.pfb><C:/Pro
gram Files/MiKTeX2.9/fonts/type1/public/amsfonts/cm/cmbx12.pfb><C:/Program File
s/MiKTeX2.9/fonts/type1/public/amsfonts/cm/cmbx8.pfb><C:/Program Files/MiKTeX2.
9/fonts/type1/public/amsfonts/cm/cmcsc10.pfb><C:/Program Files/MiKTeX2.9/fonts/
type1/public/amsfonts/cm/cmex10.pfb><C:/Program Files/MiKTeX2.9/fonts/type1/pub
lic/amsfonts/cmextra/cmex8.pfb><C:/Program Files/MiKTeX2.9/fonts/type1/public/a
msfonts/cm/cmmi10.pfb><C:/Program Files/MiKTeX2.9/fonts/type1/public/amsfonts/c
m/cmmi12.pfb><C:/Program Files/MiKTeX2.9/fonts/type1/public/amsfonts/cm/cmmi5.p
fb><C:/Program Files/MiKTeX2.9/fonts/type1/public/amsfonts/cm/cmmi6.pfb><C:/Pro
gram Files/MiKTeX2.9/fonts/type1/public/amsfonts/cm/cmmi7.pfb><C:/Program Files
/MiKTeX2.9/fonts/type1/public/amsfonts/cm/cmmi8.pfb><C:/Program Files/MiKTeX2.9
/fonts/type1/public/amsfonts/cm/cmmib10.pfb><C:/Program Files/MiKTeX2.9/fonts/t
ype1/public/amsfonts/cm/cmr10.pfb><C:/Program Files/MiKTeX2.9/fonts/type1/publi
c/amsfonts/cm/cmr12.pfb><C:/Program Files/MiKTeX2.9/fonts/type1/public/amsfonts
/cm/cmr6.pfb><C:/Program Files/MiKTeX2.9/fonts/type1/public/amsfonts/cm/cmr7.pf
b><C:/Program Files/MiKTeX2.9/fonts/type1/public/amsfonts/cm/cmr8.pfb><C:/Progr
am Files/MiKTeX2.9/fonts/type1/public/amsfonts/cm/cmsy10.pfb><C:/Program Files/
MiKTeX2.9/fonts/type1/public/amsfonts/cm/cmsy6.pfb><C:/Program Files/MiKTeX2.9/
fonts/type1/public/amsfonts/cm/cmsy8.pfb><C:/Program Files/MiKTeX2.9/fonts/type
1/public/amsfonts/cm/cmti10.pfb><C:/Program Files/MiKTeX2.9/fonts/type1/public/
amsfonts/cm/cmti12.pfb><C:/Program Files/MiKTeX2.9/fonts/type1/public/amsfonts/
cm/cmtt12.pfb><C:/Program Files/MiKTeX2.9/fonts/type1/public/amsfonts/cm/cmtt8.
pfb><C:/Program Files/MiKTeX2.9/fonts/type1/public/amsfonts/symbols/msam10.pfb>
<C:/Program Files/MiKTeX2.9/fonts/type1/public/amsfonts/symbols/msbm10.pfb><C:/
Program Files/MiKTeX2.9/fonts/type1/public/amsfonts/symbols/msbm7.pfb>
Output written on Skript_Überarbeitung.pdf (87 pages, 2998770 bytes).
PDF statistics:
 770 PDF objects out of 1000 (max. 8388607)
 0 named destinations out of 1000 (max. 500000)
 498 words of extra memory for PDF output out of 10000 (max. 10000000)

